# JRE version: OpenJDK Runtime Environment Temurin-26+35 (26.0.1+8) (build 26+35)
# Java VM: OpenJDK 64-Bit Server VM Temurin-26+35 (26.0.1+8, mixed mode, emulated-client, tiered, compressed oops, compressed class ptrs, g1 gc, windows-amd64)
GC Precious Log:
 CardTable entry size: 512
 Card Set container configuration: InlinePtr #cards 5 size 8 Array Of Cards #cards 10 size 36 Howl #buckets 4 coarsen threshold 1843 Howl Bitmap #cards 512 size 80 coarsen threshold 460 Card regions per heap region 1 cards per card region 2048
 CPUs: 12 total, 12 available
 Memory: 5886M
 Large Page Support: Disabled
 NUMA Support: Disabled
 Compressed Oops: Enabled (32-bit)
 Heap Region Size: 1M
 Heap Min Capacity: 8M
 Heap Initial Capacity: 8M
 Heap Max Capacity: 1472M
 Pre-touch: Disabled
 Parallel Workers: 10
 Concurrent Workers: 3
 Concurrent Refinement Workers: 10
 Periodic GC: Disabled
Heap:
 garbage-first heap   total reserved 1507328K, committed 430080K, used 307610K [0x00000000a4000000, 0x0000000100000000)
  region size 1M, 232 eden (232M), 7 survivor (7M), 63 old (63M), 2 humongous (2M), 116 free (116M)
GC Heap Usage History (20 events):
Event: 1467.541 {heap After GC invocations=61 (full 5):
 garbage-first heap   total reserved 1507328K, committed 167936K, used 57040K [0x00000000a4000000, 0x0000000100000000)
  region size 1M, 0 eden (0M), 4 survivor (4M), 55 old (55M), 2 humongous (2M), 103 free (103M)
}
Event: 1467.946 {heap Before GC invocations=61 (full 5):
 garbage-first heap   total reserved 1507328K, committed 167936K, used 146128K [0x00000000a4000000, 0x0000000100000000)
  region size 1M, 87 eden (87M), 4 survivor (4M), 55 old (55M), 2 humongous (2M), 16 free (16M)
}
Event: 1467.952 {heap After GC invocations=62 (full 5):
 garbage-first heap   total reserved 1507328K, committed 167936K, used 61279K [0x00000000a4000000, 0x0000000100000000)
  region size 1M, 0 eden (0M), 8 survivor (8M), 54 old (54M), 2 humongous (2M), 100 free (100M)
}
Event: 1468.393 {heap Before GC invocations=62 (full 5):
 garbage-first heap   total reserved 1507328K, committed 167936K, used 149343K [0x00000000a4000000, 0x0000000100000000)
  region size 1M, 86 eden (86M), 8 survivor (8M), 54 old (54M), 2 humongous (2M), 14 free (14M)
}
Event: 1468.399 {heap After GC invocations=63 (full 5):
 garbage-first heap   total reserved 1507328K, committed 167936K, used 65174K [0x00000000a4000000, 0x0000000100000000)
  region size 1M, 0 eden (0M), 8 survivor (8M), 57 old (57M), 2 humongous (2M), 97 free (97M)
}
Event: 1673.194 {heap Before GC invocations=64 (full 5):
 garbage-first heap   total reserved 1507328K, committed 167936K, used 151190K [0x00000000a4000000, 0x0000000100000000)
  region size 1M, 84 eden (84M), 8 survivor (8M), 57 old (57M), 2 humongous (2M), 13 free (13M)
}
Event: 1673.331 {heap After GC invocations=65 (full 5):
 garbage-first heap   total reserved 1507328K, committed 167936K, used 64875K [0x00000000a4000000, 0x0000000100000000)
  region size 1M, 0 eden (0M), 4 survivor (4M), 61 old (61M), 2 humongous (2M), 97 free (97M)
}
Event: 1908.971 {heap Before GC invocations=65 (full 5):
 garbage-first heap   total reserved 1507328K, committed 167936K, used 143723K [0x00000000a4000000, 0x0000000100000000)
  region size 1M, 78 eden (78M), 4 survivor (4M), 61 old (61M), 2 humongous (2M), 19 free (19M)
}
Event: 1910.116 {heap After GC invocations=66 (full 6):
 garbage-first heap   total reserved 1507328K, committed 143360K, used 40917K [0x00000000a4000000, 0x0000000100000000)
  region size 1M, 0 eden (0M), 0 survivor (0M), 40 old (40M), 2 humongous (2M), 98 free (98M)
}
Event: 1912.531 {heap Before GC invocations=66 (full 6):
 garbage-first heap   total reserved 1507328K, committed 143360K, used 126933K [0x00000000a4000000, 0x0000000100000000)
  region size 1M, 84 eden (84M), 0 survivor (0M), 40 old (40M), 2 humongous (2M), 14 free (14M)
}
Event: 1912.550 {heap After GC invocations=67 (full 6):
 garbage-first heap   total reserved 1507328K, committed 143360K, used 50133K [0x00000000a4000000, 0x0000000100000000)
  region size 1M, 0 eden (0M), 9 survivor (9M), 40 old (40M), 2 humongous (2M), 89 free (89M)
}
Event: 1913.195 {heap Before GC invocations=68 (full 6):
 garbage-first heap   total reserved 1507328K, committed 143360K, used 126933K [0x00000000a4000000, 0x0000000100000000)
  region size 1M, 75 eden (75M), 9 survivor (9M), 40 old (40M), 2 humongous (2M), 14 free (14M)
}
Event: 1913.214 {heap After GC invocations=69 (full 6):
 garbage-first heap   total reserved 1507328K, committed 143360K, used 53073K [0x00000000a4000000, 0x0000000100000000)
  region size 1M, 0 eden (0M), 4 survivor (4M), 48 old (48M), 2 humongous (2M), 86 free (86M)
}
Event: 1921.794 {heap Before GC invocations=69 (full 6):
 garbage-first heap   total reserved 1507328K, committed 143360K, used 127825K [0x00000000a4000000, 0x0000000100000000)
  region size 1M, 74 eden (74M), 4 survivor (4M), 48 old (48M), 2 humongous (2M), 12 free (12M)
}
Event: 1921.804 {heap After GC invocations=70 (full 6):
 garbage-first heap   total reserved 1507328K, committed 430080K, used 57396K [0x00000000a4000000, 0x0000000100000000)
  region size 1M, 0 eden (0M), 8 survivor (8M), 48 old (48M), 2 humongous (2M), 362 free (362M)
}
Event: 1926.108 {heap Before GC invocations=70 (full 6):
 garbage-first heap   total reserved 1507328K, committed 430080K, used 307252K [0x00000000a4000000, 0x0000000100000000)
  region size 1M, 244 eden (244M), 8 survivor (8M), 48 old (48M), 2 humongous (2M), 118 free (118M)
}
Event: 1926.120 {heap After GC invocations=71 (full 6):
 garbage-first heap   total reserved 1507328K, committed 430080K, used 68475K [0x00000000a4000000, 0x0000000100000000)
  region size 1M, 0 eden (0M), 19 survivor (19M), 48 old (48M), 2 humongous (2M), 351 free (351M)
}
Event: 1967.371 {heap Before GC invocations=72 (full 6):
 garbage-first heap   total reserved 1507328K, committed 430080K, used 170875K [0x00000000a4000000, 0x0000000100000000)
  region size 1M, 100 eden (100M), 19 survivor (19M), 48 old (48M), 2 humongous (2M), 251 free (251M)
}
Event: 1967.502 {heap After GC invocations=73 (full 6):
 garbage-first heap   total reserved 1507328K, committed 430080K, used 71066K [0x00000000a4000000, 0x0000000100000000)
  region size 1M, 0 eden (0M), 7 survivor (7M), 63 old (63M), 2 humongous (2M), 348 free (348M)
}
Event: 2335.535 {heap Before GC invocations=73 (full 6):
 garbage-first heap   total reserved 1507328K, committed 430080K, used 307610K [0x00000000a4000000, 0x0000000100000000)
  region size 1M, 232 eden (232M), 7 survivor (7M), 63 old (63M), 2 humongous (2M), 116 free (116M)
}

