# JRE version: OpenJDK Runtime Environment Temurin-26+35 (26.0.1+8) (build 26+35)
# Java VM: OpenJDK 64-Bit Server VM Temurin-26+35 (26.0.1+8, mixed mode, emulated-client, tiered, compressed oops, compressed class ptrs, g1 gc, windows-amd64)
GC Precious Log:
 CardTable entry size: 512
 Card Set container configuration: InlinePtr #cards 5 size 8 Array Of Cards #cards 10 size 36 Howl #buckets 4 coarsen threshold 1843 Howl Bitmap #cards 512 size 80 coarsen threshold 460 Card regions per heap region 1 cards per card region 2048
 CPUs: 12 total, 12 available
 Memory: 5886M
 Large Page Support: Disabled
 NUMA Support: Disabled
 Compressed Oops: Enabled (32-bit)
 Heap Region Size: 1M
 Heap Min Capacity: 8M
 Heap Initial Capacity: 8M
 Heap Max Capacity: 1472M
 Pre-touch: Disabled
 Parallel Workers: 10
 Concurrent Workers: 3
 Concurrent Refinement Workers: 10
 Periodic GC: Disabled
Heap:
 garbage-first heap   total reserved 1507328K, committed 167936K, used 59379K [0x00000000a4000000, 0x0000000100000000)
  region size 1M, 0 eden (0M), 10 survivor (10M), 50 old (50M), 2 humongous (2M), 102 free (102M)
GC Heap Usage History (20 events):
Event: 68.547 {heap After GC invocations=42 (full 2):
 garbage-first heap   total reserved 1507328K, committed 167936K, used 54446K [0x00000000a4000000, 0x0000000100000000)
  region size 1M, 0 eden (0M), 10 survivor (10M), 47 old (47M), 2 humongous (2M), 105 free (105M)
}
Event: 72.142 {heap Before GC invocations=43 (full 2):
 garbage-first heap   total reserved 1507328K, committed 167936K, used 144558K [0x00000000a4000000, 0x0000000100000000)
  region size 1M, 88 eden (88M), 10 survivor (10M), 47 old (47M), 2 humongous (2M), 17 free (17M)
}
Event: 72.167 {heap After GC invocations=44 (full 2):
 garbage-first heap   total reserved 1507328K, committed 167936K, used 56722K [0x00000000a4000000, 0x0000000100000000)
  region size 1M, 0 eden (0M), 4 survivor (4M), 56 old (56M), 2 humongous (2M), 102 free (102M)
}
Event: 72.753 {heap Before GC invocations=44 (full 2):
 garbage-first heap   total reserved 1507328K, committed 167936K, used 145810K [0x00000000a4000000, 0x0000000100000000)
  region size 1M, 87 eden (87M), 4 survivor (4M), 56 old (56M), 2 humongous (2M), 15 free (15M)
}
Event: 72.758 {heap After GC invocations=45 (full 2):
 garbage-first heap   total reserved 1507328K, committed 167936K, used 60936K [0x00000000a4000000, 0x0000000100000000)
  region size 1M, 0 eden (0M), 8 survivor (8M), 55 old (55M), 2 humongous (2M), 99 free (99M)
}
Event: 73.351 {heap Before GC invocations=45 (full 2):
 garbage-first heap   total reserved 1507328K, committed 167936K, used 149000K [0x00000000a4000000, 0x0000000100000000)
  region size 1M, 86 eden (86M), 8 survivor (8M), 55 old (55M), 2 humongous (2M), 13 free (13M)
}
Event: 73.360 {heap After GC invocations=46 (full 2):
 garbage-first heap   total reserved 1507328K, committed 167936K, used 63543K [0x00000000a4000000, 0x0000000100000000)
  region size 1M, 0 eden (0M), 7 survivor (7M), 58 old (58M), 2 humongous (2M), 97 free (97M)
}
Event: 74.887 {heap Before GC invocations=46 (full 2):
 garbage-first heap   total reserved 1507328K, committed 167936K, used 75831K [0x00000000a4000000, 0x0000000100000000)
  region size 1M, 13 eden (13M), 7 survivor (7M), 58 old (58M), 2 humongous (2M), 84 free (84M)
}
Event: 75.015 {heap After GC invocations=47 (full 3):
 garbage-first heap   total reserved 1507328K, committed 167936K, used 47340K [0x00000000a4000000, 0x0000000100000000)
  region size 1M, 0 eden (0M), 0 survivor (0M), 48 old (48M), 2 humongous (2M), 114 free (114M)
}
Event: 76.253 {heap Before GC invocations=47 (full 3):
 garbage-first heap   total reserved 1507328K, committed 167936K, used 146668K [0x00000000a4000000, 0x0000000100000000)
  region size 1M, 98 eden (98M), 0 survivor (0M), 48 old (48M), 2 humongous (2M), 16 free (16M)
}
Event: 76.261 {heap After GC invocations=48 (full 3):
 garbage-first heap   total reserved 1507328K, committed 167936K, used 56556K [0x00000000a4000000, 0x0000000100000000)
  region size 1M, 0 eden (0M), 9 survivor (9M), 48 old (48M), 2 humongous (2M), 105 free (105M)
}
Event: 81.104 {heap Before GC invocations=49 (full 3):
 garbage-first heap   total reserved 1507328K, committed 167936K, used 147692K [0x00000000a4000000, 0x0000000100000000)
  region size 1M, 89 eden (89M), 9 survivor (9M), 48 old (48M), 2 humongous (2M), 16 free (16M)
}
Event: 81.111 {heap After GC invocations=50 (full 3):
 garbage-first heap   total reserved 1507328K, committed 167936K, used 59628K [0x00000000a4000000, 0x0000000100000000)
  region size 1M, 0 eden (0M), 4 survivor (4M), 56 old (56M), 2 humongous (2M), 102 free (102M)
}
Event: 81.945 {heap Before GC invocations=50 (full 3):
 garbage-first heap   total reserved 1507328K, committed 167936K, used 149740K [0x00000000a4000000, 0x0000000100000000)
  region size 1M, 88 eden (88M), 4 survivor (4M), 56 old (56M), 2 humongous (2M), 14 free (14M)
}
Event: 81.951 {heap After GC invocations=51 (full 3):
 garbage-first heap   total reserved 1507328K, committed 167936K, used 64228K [0x00000000a4000000, 0x0000000100000000)
  region size 1M, 0 eden (0M), 8 survivor (8M), 56 old (56M), 2 humongous (2M), 98 free (98M)
}
Event: 83.081 {heap Before GC invocations=51 (full 3):
 garbage-first heap   total reserved 1507328K, committed 167936K, used 151268K [0x00000000a4000000, 0x0000000100000000)
  region size 1M, 85 eden (85M), 8 survivor (8M), 56 old (56M), 2 humongous (2M), 13 free (13M)
}
Event: 83.092 {heap After GC invocations=52 (full 3):
 garbage-first heap   total reserved 1507328K, committed 167936K, used 66661K [0x00000000a4000000, 0x0000000100000000)
  region size 1M, 0 eden (0M), 7 survivor (7M), 60 old (60M), 2 humongous (2M), 95 free (95M)
}
Event: 84.616 {heap Before GC invocations=53 (full 3):
 garbage-first heap   total reserved 1507328K, committed 167936K, used 79973K [0x00000000a4000000, 0x0000000100000000)
  region size 1M, 14 eden (14M), 7 survivor (7M), 60 old (60M), 2 humongous (2M), 81 free (81M)
}
Event: 84.707 {heap After GC invocations=54 (full 4):
 garbage-first heap   total reserved 1507328K, committed 167936K, used 49964K [0x00000000a4000000, 0x0000000100000000)
  region size 1M, 0 eden (0M), 0 survivor (0M), 50 old (50M), 2 humongous (2M), 112 free (112M)
}
Event: 86.078 {heap Before GC invocations=54 (full 4):
 garbage-first heap   total reserved 1507328K, committed 167936K, used 150316K [0x00000000a4000000, 0x0000000100000000)
  region size 1M, 98 eden (98M), 0 survivor (0M), 50 old (50M), 2 humongous (2M), 14 free (14M)
}

