# JRE version: OpenJDK Runtime Environment Temurin-21.0.10+7 (21.0.10+7) (build 21.0.10+7-LTS)
# Java VM: OpenJDK 64-Bit Server VM Temurin-21.0.10+7 (21.0.10+7-LTS, mixed mode, sharing, tiered, compressed oops, compressed class ptrs, parallel gc, windows-amd64)
GC Precious Log:
 CardTable entry size: 512
 CPUs: 12 total, 12 available
 Memory: 5886M
 Large Page Support: Disabled
 NUMA Support: Disabled
 Compressed Oops: Enabled (32-bit)
 Alignments: Space 512K, Generation 512K, Heap 2M
 Heap Min Capacity: 100M
 Heap Initial Capacity: 100M
 Heap Max Capacity: 2G
 Pre-touch: Disabled
 Parallel Workers: 10
Heap:
 PSYoungGen      total 6656K, used 1920K [0x00000000d5580000, 0x00000000d5f80000, 0x0000000100000000)
  eden space 6144K, 27% used [0x00000000d5580000,0x00000000d5729ae0,0x00000000d5b80000)
  from space 512K, 42% used [0x00000000d5f00000,0x00000000d5f36900,0x00000000d5f80000)
  to   space 1536K, 0% used [0x00000000d5c80000,0x00000000d5c80000,0x00000000d5e00000)
 ParOldGen       total 1303040K, used 1302998K [0x0000000080000000, 0x00000000cf880000, 0x00000000d5580000)
  object space 1303040K, 99% used [0x0000000080000000,0x00000000cf875af8,0x00000000cf880000)
 Metaspace       used 48589K, committed 50112K, reserved 1114112K
  class space    used 4175K, committed 4864K, reserved 1048576K
GC Heap History (20 events):
Event: 1453.481 GC heap before
{Heap before GC invocations=3261 (full 5):
 PSYoungGen      total 10240K, used 9904K [0x00000000d5580000, 0x00000000d6080000, 0x0000000100000000)
  eden space 9216K, 100% used [0x00000000d5580000,0x00000000d5e80000,0x00000000d5e80000)
  from space 1024K, 67% used [0x00000000d5f80000,0x00000000d602c030,0x00000000d6080000)
  to   space 1024K, 0% used [0x00000000d5e80000,0x00000000d5e80000,0x00000000d5f80000)
 ParOldGen       total 1295360K, used 1295278K [0x0000000080000000, 0x00000000cf100000, 0x00000000d5580000)
  object space 1295360K, 99% used [0x0000000080000000,0x00000000cf0eba80,0x00000000cf100000)
 Metaspace       used 48581K, committed 50112K, reserved 1114112K
  class space    used 4175K, committed 4864K, reserved 1048576K
}
Event: 1453.483 GC heap after
{Heap after GC invocations=3261 (full 5):
 PSYoungGen      total 10240K, used 800K [0x00000000d5580000, 0x00000000d6280000, 0x0000000100000000)
  eden space 9216K, 0% used [0x00000000d5580000,0x00000000d5580000,0x00000000d5e80000)
  from space 1024K, 78% used [0x00000000d5e80000,0x00000000d5f48020,0x00000000d5f80000)
  to   space 1024K, 0% used [0x00000000d6180000,0x00000000d6180000,0x00000000d6280000)
 ParOldGen       total 1295872K, used 1295806K [0x0000000080000000, 0x00000000cf180000, 0x00000000d5580000)
  object space 1295872K, 99% used [0x0000000080000000,0x00000000cf16fac0,0x00000000cf180000)
 Metaspace       used 48581K, committed 50112K, reserved 1114112K
  class space    used 4175K, committed 4864K, reserved 1048576K
}
Event: 1453.508 GC heap before
{Heap before GC invocations=3262 (full 5):
 PSYoungGen      total 10240K, used 10016K [0x00000000d5580000, 0x00000000d6280000, 0x0000000100000000)
  eden space 9216K, 100% used [0x00000000d5580000,0x00000000d5e80000,0x00000000d5e80000)
  from space 1024K, 78% used [0x00000000d5e80000,0x00000000d5f48020,0x00000000d5f80000)
  to   space 1024K, 0% used [0x00000000d6180000,0x00000000d6180000,0x00000000d6280000)
 ParOldGen       total 1295872K, used 1295806K [0x0000000080000000, 0x00000000cf180000, 0x00000000d5580000)
  object space 1295872K, 99% used [0x0000000080000000,0x00000000cf16fac0,0x00000000cf180000)
 Metaspace       used 48581K, committed 50112K, reserved 1114112K
  class space    used 4175K, committed 4864K, reserved 1048576K
}
Event: 1453.510 GC heap after
{Heap after GC invocations=3262 (full 5):
 PSYoungGen      total 10240K, used 1008K [0x00000000d5580000, 0x00000000d6280000, 0x0000000100000000)
  eden space 9216K, 0% used [0x00000000d5580000,0x00000000d5580000,0x00000000d5e80000)
  from space 1024K, 98% used [0x00000000d6180000,0x00000000d627c030,0x00000000d6280000)
  to   space 2048K, 0% used [0x00000000d5e80000,0x00000000d5e80000,0x00000000d6080000)
 ParOldGen       total 1296896K, used 1296518K [0x0000000080000000, 0x00000000cf280000, 0x00000000d5580000)
  object space 1296896K, 99% used [0x0000000080000000,0x00000000cf221b40,0x00000000cf280000)
 Metaspace       used 48581K, committed 50112K, reserved 1114112K
  class space    used 4175K, committed 4864K, reserved 1048576K
}
Event: 1453.678 GC heap before
{Heap before GC invocations=3263 (full 5):
 PSYoungGen      total 10240K, used 10224K [0x00000000d5580000, 0x00000000d6280000, 0x0000000100000000)
  eden space 9216K, 99% used [0x00000000d5580000,0x00000000d5e7fff8,0x00000000d5e80000)
  from space 1024K, 98% used [0x00000000d6180000,0x00000000d627c030,0x00000000d6280000)
  to   space 2048K, 0% used [0x00000000d5e80000,0x00000000d5e80000,0x00000000d6080000)
 ParOldGen       total 1296896K, used 1296518K [0x0000000080000000, 0x00000000cf280000, 0x00000000d5580000)
  object space 1296896K, 99% used [0x0000000080000000,0x00000000cf221b40,0x00000000cf280000)
 Metaspace       used 48586K, committed 50112K, reserved 1114112K
  class space    used 4175K, committed 4864K, reserved 1048576K
}
Event: 1453.682 GC heap after
{Heap after GC invocations=3263 (full 5):
 PSYoungGen      total 11264K, used 980K [0x00000000d5580000, 0x00000000d6200000, 0x0000000100000000)
  eden space 9216K, 0% used [0x00000000d5580000,0x00000000d5580000,0x00000000d5e80000)
  from space 2048K, 47% used [0x00000000d5e80000,0x00000000d5f75200,0x00000000d6080000)
  to   space 1536K, 0% used [0x00000000d6080000,0x00000000d6080000,0x00000000d6200000)
 ParOldGen       total 1297920K, used 1297479K [0x0000000080000000, 0x00000000cf380000, 0x00000000d5580000)
  object space 1297920K, 99% used [0x0000000080000000,0x00000000cf311ed0,0x00000000cf380000)
 Metaspace       used 48586K, committed 50112K, reserved 1114112K
  class space    used 4175K, committed 4864K, reserved 1048576K
}
Event: 1453.700 GC heap before
{Heap before GC invocations=3264 (full 5):
 PSYoungGen      total 11264K, used 10196K [0x00000000d5580000, 0x00000000d6200000, 0x0000000100000000)
  eden space 9216K, 100% used [0x00000000d5580000,0x00000000d5e80000,0x00000000d5e80000)
  from space 2048K, 47% used [0x00000000d5e80000,0x00000000d5f75200,0x00000000d6080000)
  to   space 1536K, 0% used [0x00000000d6080000,0x00000000d6080000,0x00000000d6200000)
 ParOldGen       total 1297920K, used 1297479K [0x0000000080000000, 0x00000000cf380000, 0x00000000d5580000)
  object space 1297920K, 99% used [0x0000000080000000,0x00000000cf311ed0,0x00000000cf380000)
 Metaspace       used 48586K, committed 50112K, reserved 1114112K
  class space    used 4175K, committed 4864K, reserved 1048576K
}
Event: 1453.703 GC heap after
{Heap after GC invocations=3264 (full 5):
 PSYoungGen      total 9728K, used 490K [0x00000000d5580000, 0x00000000d6100000, 0x0000000100000000)
  eden space 9216K, 0% used [0x00000000d5580000,0x00000000d5580000,0x00000000d5e80000)
  from space 512K, 95% used [0x00000000d6080000,0x00000000d60fa910,0x00000000d6100000)
  to   space 1024K, 0% used [0x00000000d5f00000,0x00000000d5f00000,0x00000000d6000000)
 ParOldGen       total 1297920K, used 1297879K [0x0000000080000000, 0x00000000cf380000, 0x00000000d5580000)
  object space 1297920K, 99% used [0x0000000080000000,0x00000000cf375f00,0x00000000cf380000)
 Metaspace       used 48586K, committed 50112K, reserved 1114112K
  class space    used 4175K, committed 4864K, reserved 1048576K
}
Event: 1453.716 GC heap before
{Heap before GC invocations=3265 (full 5):
 PSYoungGen      total 9728K, used 9706K [0x00000000d5580000, 0x00000000d6100000, 0x0000000100000000)
  eden space 9216K, 100% used [0x00000000d5580000,0x00000000d5e80000,0x00000000d5e80000)
  from space 512K, 95% used [0x00000000d6080000,0x00000000d60fa910,0x00000000d6100000)
  to   space 1024K, 0% used [0x00000000d5f00000,0x00000000d5f00000,0x00000000d6000000)
 ParOldGen       total 1297920K, used 1297879K [0x0000000080000000, 0x00000000cf380000, 0x00000000d5580000)
  object space 1297920K, 99% used [0x0000000080000000,0x00000000cf375f00,0x00000000cf380000)
 Metaspace       used 48586K, committed 50112K, reserved 1114112K
  class space    used 4175K, committed 4864K, reserved 1048576K
}
Event: 1453.718 GC heap after
{Heap after GC invocations=3265 (full 5):
 PSYoungGen      total 10240K, used 800K [0x00000000d5580000, 0x00000000d6100000, 0x0000000100000000)
  eden space 9216K, 0% used [0x00000000d5580000,0x00000000d5580000,0x00000000d5e80000)
  from space 1024K, 78% used [0x00000000d5f00000,0x00000000d5fc8020,0x00000000d6000000)
  to   space 1024K, 0% used [0x00000000d6000000,0x00000000d6000000,0x00000000d6100000)
 ParOldGen       total 1298432K, used 1298264K [0x0000000080000000, 0x00000000cf400000, 0x00000000d5580000)
  object space 1298432K, 99% used [0x0000000080000000,0x00000000cf3d63a8,0x00000000cf400000)
 Metaspace       used 48586K, committed 50112K, reserved 1114112K
  class space    used 4175K, committed 4864K, reserved 1048576K
}
Event: 1455.102 GC heap before
{Heap before GC invocations=3266 (full 5):
 PSYoungGen      total 10240K, used 10016K [0x00000000d5580000, 0x00000000d6100000, 0x0000000100000000)
  eden space 9216K, 100% used [0x00000000d5580000,0x00000000d5e80000,0x00000000d5e80000)
  from space 1024K, 78% used [0x00000000d5f00000,0x00000000d5fc8020,0x00000000d6000000)
  to   space 1024K, 0% used [0x00000000d6000000,0x00000000d6000000,0x00000000d6100000)
 ParOldGen       total 1298432K, used 1298264K [0x0000000080000000, 0x00000000cf400000, 0x00000000d5580000)
  object space 1298432K, 99% used [0x0000000080000000,0x00000000cf3d63a8,0x00000000cf400000)
 Metaspace       used 48587K, committed 50112K, reserved 1114112K
  class space    used 4175K, committed 4864K, reserved 1048576K
}
Event: 1455.106 GC heap after
{Heap after GC invocations=3266 (full 5):
 PSYoungGen      total 10240K, used 820K [0x00000000d5580000, 0x00000000d6100000, 0x0000000100000000)
  eden space 9216K, 0% used [0x00000000d5580000,0x00000000d5580000,0x00000000d5e80000)
  from space 1024K, 80% used [0x00000000d6000000,0x00000000d60cd200,0x00000000d6100000)
  to   space 1024K, 0% used [0x00000000d5f00000,0x00000000d5f00000,0x00000000d6000000)
 ParOldGen       total 1298944K, used 1298912K [0x0000000080000000, 0x00000000cf480000, 0x00000000d5580000)
  object space 1298944K, 99% used [0x0000000080000000,0x00000000cf4783d8,0x00000000cf480000)
 Metaspace       used 48587K, committed 50112K, reserved 1114112K
  class space    used 4175K, committed 4864K, reserved 1048576K
}
Event: 1455.483 GC heap before
{Heap before GC invocations=3267 (full 5):
 PSYoungGen      total 10240K, used 10036K [0x00000000d5580000, 0x00000000d6100000, 0x0000000100000000)
  eden space 9216K, 100% used [0x00000000d5580000,0x00000000d5e80000,0x00000000d5e80000)
  from space 1024K, 80% used [0x00000000d6000000,0x00000000d60cd200,0x00000000d6100000)
  to   space 1024K, 0% used [0x00000000d5f00000,0x00000000d5f00000,0x00000000d6000000)
 ParOldGen       total 1298944K, used 1298912K [0x0000000080000000, 0x00000000cf480000, 0x00000000d5580000)
  object space 1298944K, 99% used [0x0000000080000000,0x00000000cf4783d8,0x00000000cf480000)
 Metaspace       used 48587K, committed 50112K, reserved 1114112K
  class space    used 4175K, committed 4864K, reserved 1048576K
}
Event: 1455.487 GC heap after
{Heap after GC invocations=3267 (full 5):
 PSYoungGen      total 10240K, used 666K [0x00000000d5580000, 0x00000000d6080000, 0x0000000100000000)
  eden space 9216K, 0% used [0x00000000d5580000,0x00000000d5580000,0x00000000d5e80000)
  from space 1024K, 65% used [0x00000000d5f00000,0x00000000d5fa6900,0x00000000d6000000)
  to   space 512K, 0% used [0x00000000d6000000,0x00000000d6000000,0x00000000d6080000)
 ParOldGen       total 1299456K, used 1299056K [0x0000000080000000, 0x00000000cf500000, 0x00000000d5580000)
  object space 1299456K, 99% used [0x0000000080000000,0x00000000cf49c3d8,0x00000000cf500000)
 Metaspace       used 48587K, committed 50112K, reserved 1114112K
  class space    used 4175K, committed 4864K, reserved 1048576K
}
Event: 1455.516 GC heap before
{Heap before GC invocations=3268 (full 5):
 PSYoungGen      total 10240K, used 9882K [0x00000000d5580000, 0x00000000d6080000, 0x0000000100000000)
  eden space 9216K, 99% used [0x00000000d5580000,0x00000000d5e7fff0,0x00000000d5e80000)
  from space 1024K, 65% used [0x00000000d5f00000,0x00000000d5fa6900,0x00000000d6000000)
  to   space 512K, 0% used [0x00000000d6000000,0x00000000d6000000,0x00000000d6080000)
 ParOldGen       total 1299456K, used 1299056K [0x0000000080000000, 0x00000000cf500000, 0x00000000d5580000)
  object space 1299456K, 99% used [0x0000000080000000,0x00000000cf49c3d8,0x00000000cf500000)
 Metaspace       used 48587K, committed 50112K, reserved 1114112K
  class space    used 4175K, committed 4864K, reserved 1048576K
}
Event: 1455.522 GC heap after
{Heap after GC invocations=3268 (full 5):
 PSYoungGen      total 6656K, used 489K [0x00000000d5580000, 0x00000000d6780000, 0x0000000100000000)
  eden space 6144K, 0% used [0x00000000d5580000,0x00000000d5580000,0x00000000d5b80000)
  from space 512K, 95% used [0x00000000d6000000,0x00000000d607a4f0,0x00000000d6080000)
  to   space 4608K, 0% used [0x00000000d5b80000,0x00000000d5b80000,0x00000000d6000000)
 ParOldGen       total 1302528K, used 1302526K [0x0000000080000000, 0x00000000cf800000, 0x00000000d5580000)
  object space 1302528K, 99% used [0x0000000080000000,0x00000000cf7ffaf8,0x00000000cf800000)
 Metaspace       used 48587K, committed 50112K, reserved 1114112K
  class space    used 4175K, committed 4864K, reserved 1048576K
}
Event: 1455.543 GC heap before
{Heap before GC invocations=3269 (full 5):
 PSYoungGen      total 6656K, used 6633K [0x00000000d5580000, 0x00000000d6780000, 0x0000000100000000)
  eden space 6144K, 100% used [0x00000000d5580000,0x00000000d5b80000,0x00000000d5b80000)
  from space 512K, 95% used [0x00000000d6000000,0x00000000d607a4f0,0x00000000d6080000)
  to   space 4608K, 0% used [0x00000000d5b80000,0x00000000d5b80000,0x00000000d6000000)
 ParOldGen       total 1302528K, used 1302526K [0x0000000080000000, 0x00000000cf800000, 0x00000000d5580000)
  object space 1302528K, 99% used [0x0000000080000000,0x00000000cf7ffaf8,0x00000000cf800000)
 Metaspace       used 48587K, committed 50112K, reserved 1114112K
  class space    used 4175K, committed 4864K, reserved 1048576K
}
Event: 1455.546 GC heap after
{Heap after GC invocations=3269 (full 5):
 PSYoungGen      total 9728K, used 3219K [0x00000000d5580000, 0x00000000d6280000, 0x0000000100000000)
  eden space 6144K, 0% used [0x00000000d5580000,0x00000000d5580000,0x00000000d5b80000)
  from space 3584K, 89% used [0x00000000d5b80000,0x00000000d5ea4dc0,0x00000000d5f00000)
  to   space 3584K, 0% used [0x00000000d5f00000,0x00000000d5f00000,0x00000000d6280000)
 ParOldGen       total 1303040K, used 1302782K [0x0000000080000000, 0x00000000cf880000, 0x00000000d5580000)
  object space 1303040K, 99% used [0x0000000080000000,0x00000000cf83faf8,0x00000000cf880000)
 Metaspace       used 48587K, committed 50112K, reserved 1114112K
  class space    used 4175K, committed 4864K, reserved 1048576K
}
Event: 1456.535 GC heap before
{Heap before GC invocations=3270 (full 5):
 PSYoungGen      total 9728K, used 9363K [0x00000000d5580000, 0x00000000d6280000, 0x0000000100000000)
  eden space 6144K, 100% used [0x00000000d5580000,0x00000000d5b80000,0x00000000d5b80000)
  from space 3584K, 89% used [0x00000000d5b80000,0x00000000d5ea4dc0,0x00000000d5f00000)
  to   space 3584K, 0% used [0x00000000d5f00000,0x00000000d5f00000,0x00000000d6280000)
 ParOldGen       total 1303040K, used 1302782K [0x0000000080000000, 0x00000000cf880000, 0x00000000d5580000)
  object space 1303040K, 99% used [0x0000000080000000,0x00000000cf83faf8,0x00000000cf880000)
 Metaspace       used 48587K, committed 50112K, reserved 1114112K
  class space    used 4175K, committed 4864K, reserved 1048576K
}
Event: 1456.544 GC heap after
{Heap after GC invocations=3270 (full 5):
 PSYoungGen      total 6656K, used 218K [0x00000000d5580000, 0x00000000d5f80000, 0x0000000100000000)
  eden space 6144K, 0% used [0x00000000d5580000,0x00000000d5580000,0x00000000d5b80000)
  from space 512K, 42% used [0x00000000d5f00000,0x00000000d5f36900,0x00000000d5f80000)
  to   space 1536K, 0% used [0x00000000d5c80000,0x00000000d5c80000,0x00000000d5e00000)
 ParOldGen       total 1303040K, used 1302998K [0x0000000080000000, 0x00000000cf880000, 0x00000000d5580000)
  object space 1303040K, 99% used [0x0000000080000000,0x00000000cf875af8,0x00000000cf880000)
 Metaspace       used 48587K, committed 50112K, reserved 1114112K
  class space    used 4175K, committed 4864K, reserved 1048576K
}

