# JRE version: OpenJDK Runtime Environment Temurin-21.0.10+7 (21.0.10+7) (build 21.0.10+7-LTS)
# Java VM: OpenJDK 64-Bit Server VM Temurin-21.0.10+7 (21.0.10+7-LTS, mixed mode, sharing, tiered, compressed oops, compressed class ptrs, parallel gc, windows-amd64)
GC Precious Log:
 CardTable entry size: 512
 CPUs: 12 total, 12 available
 Memory: 5886M
 Large Page Support: Disabled
 NUMA Support: Disabled
 Compressed Oops: Enabled (32-bit)
 Alignments: Space 512K, Generation 512K, Heap 2M
 Heap Min Capacity: 100M
 Heap Initial Capacity: 100M
 Heap Max Capacity: 2G
 Pre-touch: Disabled
 Parallel Workers: 10
Heap:
 PSYoungGen      total 12288K, used 4435K [0x00000000d5580000, 0x00000000d6a00000, 0x0000000100000000)
  eden space 11776K, 33% used [0x00000000d5580000,0x00000000d5954ca0,0x00000000d6100000)
  from space 512K, 100% used [0x00000000d6980000,0x00000000d6a00000,0x00000000d6a00000)
  to   space 1536K, 0% used [0x00000000d6700000,0x00000000d6700000,0x00000000d6880000)
 ParOldGen       total 1315840K, used 1315367K [0x0000000080000000, 0x00000000d0500000, 0x00000000d5580000)
  object space 1315840K, 99% used [0x0000000080000000,0x00000000d0489e60,0x00000000d0500000)
 Metaspace       used 64811K, committed 66368K, reserved 1114112K
  class space    used 5471K, committed 6208K, reserved 1048576K
GC Heap History (20 events):
Event: 70192.958 GC heap before
{Heap before GC invocations=69805 (full 134):
 PSYoungGen      total 13824K, used 13332K [0x00000000d5580000, 0x00000000d6680000, 0x0000000100000000)
  eden space 11776K, 100% used [0x00000000d5580000,0x00000000d6100000,0x00000000d6100000)
  from space 2048K, 76% used [0x00000000d6480000,0x00000000d6605240,0x00000000d6680000)
  to   space 2048K, 0% used [0x00000000d6280000,0x00000000d6280000,0x00000000d6480000)
 ParOldGen       total 1301504K, used 1301261K [0x0000000080000000, 0x00000000cf700000, 0x00000000d5580000)
  object space 1301504K, 99% used [0x0000000080000000,0x00000000cf6c3698,0x00000000cf700000)
 Metaspace       used 64811K, committed 66368K, reserved 1114112K
  class space    used 5471K, committed 6208K, reserved 1048576K
}
Event: 70192.962 GC heap after
{Heap after GC invocations=69805 (full 134):
 PSYoungGen      total 13312K, used 1136K [0x00000000d5580000, 0x00000000d6500000, 0x0000000100000000)
  eden space 11776K, 0% used [0x00000000d5580000,0x00000000d5580000,0x00000000d6100000)
  from space 1536K, 73% used [0x00000000d6280000,0x00000000d639c030,0x00000000d6400000)
  to   space 1024K, 0% used [0x00000000d6400000,0x00000000d6400000,0x00000000d6500000)
 ParOldGen       total 1303040K, used 1302680K [0x0000000080000000, 0x00000000cf880000, 0x00000000d5580000)
  object space 1303040K, 99% used [0x0000000080000000,0x00000000cf826360,0x00000000cf880000)
 Metaspace       used 64811K, committed 66368K, reserved 1114112K
  class space    used 5471K, committed 6208K, reserved 1048576K
}
Event: 70192.978 GC heap before
{Heap before GC invocations=69806 (full 134):
 PSYoungGen      total 13312K, used 12912K [0x00000000d5580000, 0x00000000d6500000, 0x0000000100000000)
  eden space 11776K, 100% used [0x00000000d5580000,0x00000000d6100000,0x00000000d6100000)
  from space 1536K, 73% used [0x00000000d6280000,0x00000000d639c030,0x00000000d6400000)
  to   space 1024K, 0% used [0x00000000d6400000,0x00000000d6400000,0x00000000d6500000)
 ParOldGen       total 1303040K, used 1302680K [0x0000000080000000, 0x00000000cf880000, 0x00000000d5580000)
  object space 1303040K, 99% used [0x0000000080000000,0x00000000cf826360,0x00000000cf880000)
 Metaspace       used 64811K, committed 66368K, reserved 1114112K
  class space    used 5471K, committed 6208K, reserved 1048576K
}
Event: 70192.981 GC heap after
{Heap after GC invocations=69806 (full 134):
 PSYoungGen      total 12800K, used 1012K [0x00000000d5580000, 0x00000000d6600000, 0x0000000100000000)
  eden space 11776K, 0% used [0x00000000d5580000,0x00000000d5580000,0x00000000d6100000)
  from space 1024K, 98% used [0x00000000d6400000,0x00000000d64fd200,0x00000000d6500000)
  to   space 2560K, 0% used [0x00000000d6100000,0x00000000d6100000,0x00000000d6380000)
 ParOldGen       total 1304064K, used 1303937K [0x0000000080000000, 0x00000000cf980000, 0x00000000d5580000)
  object space 1304064K, 99% used [0x0000000080000000,0x00000000cf960480,0x00000000cf980000)
 Metaspace       used 64811K, committed 66368K, reserved 1114112K
  class space    used 5471K, committed 6208K, reserved 1048576K
}
Event: 70193.017 GC heap before
{Heap before GC invocations=69807 (full 134):
 PSYoungGen      total 12800K, used 12788K [0x00000000d5580000, 0x00000000d6600000, 0x0000000100000000)
  eden space 11776K, 100% used [0x00000000d5580000,0x00000000d6100000,0x00000000d6100000)
  from space 1024K, 98% used [0x00000000d6400000,0x00000000d64fd200,0x00000000d6500000)
  to   space 2560K, 0% used [0x00000000d6100000,0x00000000d6100000,0x00000000d6380000)
 ParOldGen       total 1304064K, used 1303937K [0x0000000080000000, 0x00000000cf980000, 0x00000000d5580000)
  object space 1304064K, 99% used [0x0000000080000000,0x00000000cf960480,0x00000000cf980000)
 Metaspace       used 64811K, committed 66368K, reserved 1114112K
  class space    used 5471K, committed 6208K, reserved 1048576K
}
Event: 70193.022 GC heap after
{Heap after GC invocations=69807 (full 134):
 PSYoungGen      total 14336K, used 2556K [0x00000000d5580000, 0x00000000d7500000, 0x0000000100000000)
  eden space 11776K, 0% used [0x00000000d5580000,0x00000000d5580000,0x00000000d6100000)
  from space 2560K, 99% used [0x00000000d6100000,0x00000000d637f190,0x00000000d6380000)
  to   space 10240K, 0% used [0x00000000d6b00000,0x00000000d6b00000,0x00000000d7500000)
 ParOldGen       total 1310208K, used 1310033K [0x0000000080000000, 0x00000000cff80000, 0x00000000d5580000)
  object space 1310208K, 99% used [0x0000000080000000,0x00000000cff546d0,0x00000000cff80000)
 Metaspace       used 64811K, committed 66368K, reserved 1114112K
  class space    used 5471K, committed 6208K, reserved 1048576K
}
Event: 70193.053 GC heap before
{Heap before GC invocations=69808 (full 134):
 PSYoungGen      total 14336K, used 14332K [0x00000000d5580000, 0x00000000d7500000, 0x0000000100000000)
  eden space 11776K, 100% used [0x00000000d5580000,0x00000000d6100000,0x00000000d6100000)
  from space 2560K, 99% used [0x00000000d6100000,0x00000000d637f190,0x00000000d6380000)
  to   space 10240K, 0% used [0x00000000d6b00000,0x00000000d6b00000,0x00000000d7500000)
 ParOldGen       total 1310208K, used 1310033K [0x0000000080000000, 0x00000000cff80000, 0x00000000d5580000)
  object space 1310208K, 99% used [0x0000000080000000,0x00000000cff546d0,0x00000000cff80000)
 Metaspace       used 64811K, committed 66368K, reserved 1114112K
  class space    used 5471K, committed 6208K, reserved 1048576K
}
Event: 70193.055 GC heap after
{Heap after GC invocations=69808 (full 134):
 PSYoungGen      total 12800K, used 881K [0x00000000d5580000, 0x00000000d6c00000, 0x0000000100000000)
  eden space 11776K, 0% used [0x00000000d5580000,0x00000000d5580000,0x00000000d6100000)
  from space 1024K, 86% used [0x00000000d6b00000,0x00000000d6bdc468,0x00000000d6c00000)
  to   space 4096K, 0% used [0x00000000d6400000,0x00000000d6400000,0x00000000d6800000)
 ParOldGen       total 1310720K, used 1310413K [0x0000000080000000, 0x00000000d0000000, 0x00000000d5580000)
  object space 1310720K, 99% used [0x0000000080000000,0x00000000cffb3560,0x00000000d0000000)
 Metaspace       used 64811K, committed 66368K, reserved 1114112K
  class space    used 5471K, committed 6208K, reserved 1048576K
}
Event: 70193.282 GC heap before
{Heap before GC invocations=69809 (full 134):
 PSYoungGen      total 12800K, used 12657K [0x00000000d5580000, 0x00000000d6c00000, 0x0000000100000000)
  eden space 11776K, 100% used [0x00000000d5580000,0x00000000d6100000,0x00000000d6100000)
  from space 1024K, 86% used [0x00000000d6b00000,0x00000000d6bdc468,0x00000000d6c00000)
  to   space 4096K, 0% used [0x00000000d6400000,0x00000000d6400000,0x00000000d6800000)
 ParOldGen       total 1310720K, used 1310413K [0x0000000080000000, 0x00000000d0000000, 0x00000000d5580000)
  object space 1310720K, 99% used [0x0000000080000000,0x00000000cffb3560,0x00000000d0000000)
 Metaspace       used 64811K, committed 66368K, reserved 1114112K
  class space    used 5471K, committed 6208K, reserved 1048576K
}
Event: 70193.286 GC heap after
{Heap after GC invocations=69809 (full 134):
 PSYoungGen      total 15872K, used 4088K [0x00000000d5580000, 0x00000000d7300000, 0x0000000100000000)
  eden space 11776K, 0% used [0x00000000d5580000,0x00000000d5580000,0x00000000d6100000)
  from space 4096K, 99% used [0x00000000d6400000,0x00000000d67fe0b0,0x00000000d6800000)
  to   space 9216K, 0% used [0x00000000d6a00000,0x00000000d6a00000,0x00000000d7300000)
 ParOldGen       total 1314304K, used 1313919K [0x0000000080000000, 0x00000000d0380000, 0x00000000d5580000)
  object space 1314304K, 99% used [0x0000000080000000,0x00000000d031fdc0,0x00000000d0380000)
 Metaspace       used 64811K, committed 66368K, reserved 1114112K
  class space    used 5471K, committed 6208K, reserved 1048576K
}
Event: 70193.311 GC heap before
{Heap before GC invocations=69810 (full 134):
 PSYoungGen      total 15872K, used 15864K [0x00000000d5580000, 0x00000000d7300000, 0x0000000100000000)
  eden space 11776K, 100% used [0x00000000d5580000,0x00000000d6100000,0x00000000d6100000)
  from space 4096K, 99% used [0x00000000d6400000,0x00000000d67fe0b0,0x00000000d6800000)
  to   space 9216K, 0% used [0x00000000d6a00000,0x00000000d6a00000,0x00000000d7300000)
 ParOldGen       total 1314304K, used 1313919K [0x0000000080000000, 0x00000000d0380000, 0x00000000d5580000)
  object space 1314304K, 99% used [0x0000000080000000,0x00000000d031fdc0,0x00000000d0380000)
 Metaspace       used 64811K, committed 66368K, reserved 1114112K
  class space    used 5471K, committed 6208K, reserved 1048576K
}
Event: 70193.315 GC heap after
{Heap after GC invocations=69810 (full 134):
 PSYoungGen      total 12288K, used 352K [0x00000000d5580000, 0x00000000d6a80000, 0x0000000100000000)
  eden space 11776K, 0% used [0x00000000d5580000,0x00000000d5580000,0x00000000d6100000)
  from space 512K, 68% used [0x00000000d6a00000,0x00000000d6a58000,0x00000000d6a80000)
  to   space 3072K, 0% used [0x00000000d6480000,0x00000000d6480000,0x00000000d6780000)
 ParOldGen       total 1314304K, used 1314165K [0x0000000080000000, 0x00000000d0380000, 0x00000000d5580000)
  object space 1314304K, 99% used [0x0000000080000000,0x00000000d035d768,0x00000000d0380000)
 Metaspace       used 64811K, committed 66368K, reserved 1114112K
  class space    used 5471K, committed 6208K, reserved 1048576K
}
Event: 70194.683 GC heap before
{Heap before GC invocations=69811 (full 134):
 PSYoungGen      total 12288K, used 12128K [0x00000000d5580000, 0x00000000d6a80000, 0x0000000100000000)
  eden space 11776K, 100% used [0x00000000d5580000,0x00000000d6100000,0x00000000d6100000)
  from space 512K, 68% used [0x00000000d6a00000,0x00000000d6a58000,0x00000000d6a80000)
  to   space 3072K, 0% used [0x00000000d6480000,0x00000000d6480000,0x00000000d6780000)
 ParOldGen       total 1314304K, used 1314165K [0x0000000080000000, 0x00000000d0380000, 0x00000000d5580000)
  object space 1314304K, 99% used [0x0000000080000000,0x00000000d035d768,0x00000000d0380000)
 Metaspace       used 64811K, committed 66368K, reserved 1114112K
  class space    used 5471K, committed 6208K, reserved 1048576K
}
Event: 70194.686 GC heap after
{Heap after GC invocations=69811 (full 134):
 PSYoungGen      total 14848K, used 256K [0x00000000d5580000, 0x00000000d6a80000, 0x0000000100000000)
  eden space 11776K, 0% used [0x00000000d5580000,0x00000000d5580000,0x00000000d6100000)
  from space 3072K, 8% used [0x00000000d6480000,0x00000000d64c0000,0x00000000d6780000)
  to   space 1024K, 0% used [0x00000000d6980000,0x00000000d6980000,0x00000000d6a80000)
 ParOldGen       total 1314304K, used 1314245K [0x0000000080000000, 0x00000000d0380000, 0x00000000d5580000)
  object space 1314304K, 99% used [0x0000000080000000,0x00000000d0371768,0x00000000d0380000)
 Metaspace       used 64811K, committed 66368K, reserved 1114112K
  class space    used 5471K, committed 6208K, reserved 1048576K
}
Event: 70196.631 GC heap before
{Heap before GC invocations=69812 (full 134):
 PSYoungGen      total 14848K, used 12032K [0x00000000d5580000, 0x00000000d6a80000, 0x0000000100000000)
  eden space 11776K, 100% used [0x00000000d5580000,0x00000000d6100000,0x00000000d6100000)
  from space 3072K, 8% used [0x00000000d6480000,0x00000000d64c0000,0x00000000d6780000)
  to   space 1024K, 0% used [0x00000000d6980000,0x00000000d6980000,0x00000000d6a80000)
 ParOldGen       total 1314304K, used 1314245K [0x0000000080000000, 0x00000000d0380000, 0x00000000d5580000)
  object space 1314304K, 99% used [0x0000000080000000,0x00000000d0371768,0x00000000d0380000)
 Metaspace       used 64811K, committed 66368K, reserved 1114112K
  class space    used 5471K, committed 6208K, reserved 1048576K
}
Event: 70196.634 GC heap after
{Heap after GC invocations=69812 (full 134):
 PSYoungGen      total 12288K, used 256K [0x00000000d5580000, 0x00000000d6a00000, 0x0000000100000000)
  eden space 11776K, 0% used [0x00000000d5580000,0x00000000d5580000,0x00000000d6100000)
  from space 512K, 50% used [0x00000000d6980000,0x00000000d69c0000,0x00000000d6a00000)
  to   space 512K, 0% used [0x00000000d6900000,0x00000000d6900000,0x00000000d6980000)
 ParOldGen       total 1314304K, used 1314293K [0x0000000080000000, 0x00000000d0380000, 0x00000000d5580000)
  object space 1314304K, 99% used [0x0000000080000000,0x00000000d037d768,0x00000000d0380000)
 Metaspace       used 64811K, committed 66368K, reserved 1114112K
  class space    used 5471K, committed 6208K, reserved 1048576K
}
Event: 70544.717 GC heap before
{Heap before GC invocations=69813 (full 134):
 PSYoungGen      total 12288K, used 12032K [0x00000000d5580000, 0x00000000d6a00000, 0x0000000100000000)
  eden space 11776K, 100% used [0x00000000d5580000,0x00000000d6100000,0x00000000d6100000)
  from space 512K, 50% used [0x00000000d6980000,0x00000000d69c0000,0x00000000d6a00000)
  to   space 512K, 0% used [0x00000000d6900000,0x00000000d6900000,0x00000000d6980000)
 ParOldGen       total 1314304K, used 1314293K [0x0000000080000000, 0x00000000d0380000, 0x00000000d5580000)
  object space 1314304K, 99% used [0x0000000080000000,0x00000000d037d768,0x00000000d0380000)
 Metaspace       used 64811K, committed 66368K, reserved 1114112K
  class space    used 5471K, committed 6208K, reserved 1048576K
}
Event: 70545.215 GC heap after
{Heap after GC invocations=69813 (full 134):
 PSYoungGen      total 12288K, used 506K [0x00000000d5580000, 0x00000000d6a00000, 0x0000000100000000)
  eden space 11776K, 0% used [0x00000000d5580000,0x00000000d5580000,0x00000000d6100000)
  from space 512K, 98% used [0x00000000d6900000,0x00000000d697e920,0x00000000d6980000)
  to   space 512K, 0% used [0x00000000d6980000,0x00000000d6980000,0x00000000d6a00000)
 ParOldGen       total 1314816K, used 1314521K [0x0000000080000000, 0x00000000d0400000, 0x00000000d5580000)
  object space 1314816K, 99% used [0x0000000080000000,0x00000000d03b6798,0x00000000d0400000)
 Metaspace       used 64811K, committed 66368K, reserved 1114112K
  class space    used 5471K, committed 6208K, reserved 1048576K
}
Event: 70545.328 GC heap before
{Heap before GC invocations=69814 (full 134):
 PSYoungGen      total 12288K, used 12282K [0x00000000d5580000, 0x00000000d6a00000, 0x0000000100000000)
  eden space 11776K, 99% used [0x00000000d5580000,0x00000000d60fffc8,0x00000000d6100000)
  from space 512K, 98% used [0x00000000d6900000,0x00000000d697e920,0x00000000d6980000)
  to   space 512K, 0% used [0x00000000d6980000,0x00000000d6980000,0x00000000d6a00000)
 ParOldGen       total 1314816K, used 1314521K [0x0000000080000000, 0x00000000d0400000, 0x00000000d5580000)
  object space 1314816K, 99% used [0x0000000080000000,0x00000000d03b6798,0x00000000d0400000)
 Metaspace       used 64811K, committed 66368K, reserved 1114112K
  class space    used 5471K, committed 6208K, reserved 1048576K
}
Event: 70545.333 GC heap after
{Heap after GC invocations=69814 (full 134):
 PSYoungGen      total 12288K, used 512K [0x00000000d5580000, 0x00000000d6a00000, 0x0000000100000000)
  eden space 11776K, 0% used [0x00000000d5580000,0x00000000d5580000,0x00000000d6100000)
  from space 512K, 100% used [0x00000000d6980000,0x00000000d6a00000,0x00000000d6a00000)
  to   space 1536K, 0% used [0x00000000d6700000,0x00000000d6700000,0x00000000d6880000)
 ParOldGen       total 1315840K, used 1315367K [0x0000000080000000, 0x00000000d0500000, 0x00000000d5580000)
  object space 1315840K, 99% used [0x0000000080000000,0x00000000d0489e60,0x00000000d0500000)
 Metaspace       used 64811K, committed 66368K, reserved 1114112K
  class space    used 5471K, committed 6208K, reserved 1048576K
}

