# JRE version: OpenJDK Runtime Environment Temurin-26+35 (26.0.1+8) (build 26+35)
# Java VM: OpenJDK 64-Bit Server VM Temurin-26+35 (26.0.1+8, mixed mode, emulated-client, tiered, compressed oops, compressed class ptrs, g1 gc, windows-amd64)
GC Precious Log:
 CardTable entry size: 512
 Card Set container configuration: InlinePtr #cards 5 size 8 Array Of Cards #cards 10 size 36 Howl #buckets 4 coarsen threshold 1843 Howl Bitmap #cards 512 size 80 coarsen threshold 460 Card regions per heap region 1 cards per card region 2048
 CPUs: 12 total, 12 available
 Memory: 5886M
 Large Page Support: Disabled
 NUMA Support: Disabled
 Compressed Oops: Enabled (32-bit)
 Heap Region Size: 1M
 Heap Min Capacity: 8M
 Heap Initial Capacity: 8M
 Heap Max Capacity: 1472M
 Pre-touch: Disabled
 Parallel Workers: 10
 Concurrent Workers: 3
 Concurrent Refinement Workers: 10
 Periodic GC: Disabled
Heap:
 garbage-first heap   total reserved 1507328K, committed 146432K, used 62572K [0x00000000a4000000, 0x0000000100000000)
  region size 1M, 0 eden (0M), 6 survivor (6M), 56 old (56M), 2 humongous (2M), 79 free (79M)
GC Heap Usage History (20 events):
Event: 348.802 {heap After GC invocations=39 (full 1):
 garbage-first heap   total reserved 1507328K, committed 143360K, used 45481K [0x00000000a4000000, 0x0000000100000000)
  region size 1M, 0 eden (0M), 9 survivor (9M), 40 old (40M), 2 humongous (2M), 89 free (89M)
}
Event: 350.105 {heap Before GC invocations=40 (full 1):
 garbage-first heap   total reserved 1507328K, committed 143360K, used 122281K [0x00000000a4000000, 0x0000000100000000)
  region size 1M, 75 eden (75M), 9 survivor (9M), 40 old (40M), 2 humongous (2M), 14 free (14M)
}
Event: 350.120 {heap After GC invocations=41 (full 1):
 garbage-first heap   total reserved 1507328K, committed 143360K, used 49545K [0x00000000a4000000, 0x0000000100000000)
  region size 1M, 0 eden (0M), 4 survivor (4M), 49 old (49M), 2 humongous (2M), 85 free (85M)
}
Event: 355.193 {heap Before GC invocations=41 (full 1):
 garbage-first heap   total reserved 1507328K, committed 143360K, used 123273K [0x00000000a4000000, 0x0000000100000000)
  region size 1M, 72 eden (72M), 4 survivor (4M), 49 old (49M), 2 humongous (2M), 13 free (13M)
}
Event: 355.207 {heap After GC invocations=42 (full 1):
 garbage-first heap   total reserved 1507328K, committed 143360K, used 54723K [0x00000000a4000000, 0x0000000100000000)
  region size 1M, 0 eden (0M), 8 survivor (8M), 48 old (48M), 2 humongous (2M), 82 free (82M)
}
Event: 356.124 {heap Before GC invocations=42 (full 1):
 garbage-first heap   total reserved 1507328K, committed 143360K, used 125379K [0x00000000a4000000, 0x0000000100000000)
  region size 1M, 69 eden (69M), 8 survivor (8M), 48 old (48M), 2 humongous (2M), 13 free (13M)
}
Event: 356.168 {heap After GC invocations=43 (full 1):
 garbage-first heap   total reserved 1507328K, committed 143360K, used 57762K [0x00000000a4000000, 0x0000000100000000)
  region size 1M, 0 eden (0M), 8 survivor (8M), 51 old (51M), 2 humongous (2M), 79 free (79M)
}
Event: 357.111 {heap Before GC invocations=44 (full 1):
 garbage-first heap   total reserved 1507328K, committed 143360K, used 127394K [0x00000000a4000000, 0x0000000100000000)
  region size 1M, 68 eden (68M), 8 survivor (8M), 51 old (51M), 2 humongous (2M), 11 free (11M)
}
Event: 357.120 {heap After GC invocations=45 (full 1):
 garbage-first heap   total reserved 1507328K, committed 146432K, used 63059K [0x00000000a4000000, 0x0000000100000000)
  region size 1M, 0 eden (0M), 9 survivor (9M), 56 old (56M), 2 humongous (2M), 76 free (76M)
}
Event: 358.734 {heap Before GC invocations=45 (full 1):
 garbage-first heap   total reserved 1507328K, committed 146432K, used 78419K [0x00000000a4000000, 0x0000000100000000)
  region size 1M, 16 eden (16M), 9 survivor (9M), 56 old (56M), 2 humongous (2M), 60 free (60M)
}
Event: 358.893 {heap After GC invocations=46 (full 2):
 garbage-first heap   total reserved 1507328K, committed 146432K, used 42782K [0x00000000a4000000, 0x0000000100000000)
  region size 1M, 0 eden (0M), 0 survivor (0M), 43 old (43M), 2 humongous (2M), 98 free (98M)
}
Event: 360.704 {heap Before GC invocations=46 (full 2):
 garbage-first heap   total reserved 1507328K, committed 146432K, used 127774K [0x00000000a4000000, 0x0000000100000000)
  region size 1M, 83 eden (83M), 0 survivor (0M), 43 old (43M), 2 humongous (2M), 15 free (15M)
}
Event: 360.714 {heap After GC invocations=47 (full 2):
 garbage-first heap   total reserved 1507328K, committed 146432K, used 49926K [0x00000000a4000000, 0x0000000100000000)
  region size 1M, 0 eden (0M), 7 survivor (7M), 43 old (43M), 2 humongous (2M), 91 free (91M)
}
Event: 361.952 {heap Before GC invocations=48 (full 2):
 garbage-first heap   total reserved 1507328K, committed 146432K, used 127750K [0x00000000a4000000, 0x0000000100000000)
  region size 1M, 76 eden (76M), 7 survivor (7M), 43 old (43M), 2 humongous (2M), 15 free (15M)
}
Event: 361.963 {heap After GC invocations=49 (full 2):
 garbage-first heap   total reserved 1507328K, committed 146432K, used 53469K [0x00000000a4000000, 0x0000000100000000)
  region size 1M, 0 eden (0M), 4 survivor (4M), 50 old (50M), 2 humongous (2M), 87 free (87M)
}
Event: 366.522 {heap Before GC invocations=49 (full 2):
 garbage-first heap   total reserved 1507328K, committed 146432K, used 129245K [0x00000000a4000000, 0x0000000100000000)
  region size 1M, 74 eden (74M), 4 survivor (4M), 50 old (50M), 2 humongous (2M), 13 free (13M)
}
Event: 366.528 {heap After GC invocations=50 (full 2):
 garbage-first heap   total reserved 1507328K, committed 146432K, used 57114K [0x00000000a4000000, 0x0000000100000000)
  region size 1M, 0 eden (0M), 8 survivor (8M), 49 old (49M), 2 humongous (2M), 84 free (84M)
}
Event: 367.143 {heap Before GC invocations=50 (full 2):
 garbage-first heap   total reserved 1507328K, committed 146432K, used 129818K [0x00000000a4000000, 0x0000000100000000)
  region size 1M, 71 eden (71M), 8 survivor (8M), 49 old (49M), 2 humongous (2M), 13 free (13M)
}
Event: 367.152 {heap After GC invocations=51 (full 2):
 garbage-first heap   total reserved 1507328K, committed 146432K, used 59943K [0x00000000a4000000, 0x0000000100000000)
  region size 1M, 0 eden (0M), 7 survivor (7M), 52 old (52M), 2 humongous (2M), 82 free (82M)
}
Event: 372.740 {heap Before GC invocations=52 (full 2):
 garbage-first heap   total reserved 1507328K, committed 146432K, used 132647K [0x00000000a4000000, 0x0000000100000000)
  region size 1M, 71 eden (71M), 7 survivor (7M), 52 old (52M), 2 humongous (2M), 11 free (11M)
}

