# JRE version: OpenJDK Runtime Environment Temurin-26+35 (26.0.1+8) (build 26+35)
# Java VM: OpenJDK 64-Bit Server VM Temurin-26+35 (26.0.1+8, mixed mode, tiered, compressed oops, compressed class ptrs, g1 gc, windows-amd64)
GC Precious Log:
 CardTable entry size: 512
 Card Set container configuration: InlinePtr #cards 5 size 8 Array Of Cards #cards 10 size 36 Howl #buckets 4 coarsen threshold 1843 Howl Bitmap #cards 512 size 80 coarsen threshold 460 Card regions per heap region 1 cards per card region 2048
 CPUs: 12 total, 12 available
 Memory: 5886M
 Large Page Support: Disabled
 NUMA Support: Disabled
 Compressed Oops: Enabled (32-bit)
 Heap Region Size: 1M
 Heap Min Capacity: 8M
 Heap Initial Capacity: 8M
 Heap Max Capacity: 1472M
 Pre-touch: Disabled
 Parallel Workers: 10
 Concurrent Workers: 3
 Concurrent Refinement Workers: 10
 Periodic GC: Disabled
Heap:
 garbage-first heap   total reserved 1507328K, committed 193536K, used 86780K [0x00000000a4000000, 0x0000000100000000)
  region size 1M, 0 eden (0M), 11 survivor (11M), 70 old (70M), 5 humongous (5M), 103 free (103M)
GC Heap Usage History (20 events):
Event: 29.447 {heap After GC invocations=44 (full 0):
 garbage-first heap   total reserved 1507328K, committed 63488K, used 49487K [0x00000000a4000000, 0x0000000100000000)
  region size 1M, 0 eden (0M), 1 survivor (1M), 45 old (45M), 3 humongous (3M), 13 free (13M)
}
Event: 29.552 {heap Before GC invocations=45 (full 0):
 garbage-first heap   total reserved 1507328K, committed 63488K, used 58703K [0x00000000a4000000, 0x0000000100000000)
  region size 1M, 9 eden (9M), 1 survivor (1M), 45 old (45M), 3 humongous (3M), 4 free (4M)
}
Event: 29.558 {heap After GC invocations=46 (full 0):
 garbage-first heap   total reserved 1507328K, committed 63488K, used 50050K [0x00000000a4000000, 0x0000000100000000)
  region size 1M, 0 eden (0M), 2 survivor (2M), 45 old (45M), 3 humongous (3M), 12 free (12M)
}
Event: 29.627 {heap Before GC invocations=46 (full 0):
 garbage-first heap   total reserved 1507328K, committed 63488K, used 58242K [0x00000000a4000000, 0x0000000100000000)
  region size 1M, 8 eden (8M), 2 survivor (2M), 45 old (45M), 3 humongous (3M), 4 free (4M)
}
Event: 29.634 {heap After GC invocations=47 (full 0):
 garbage-first heap   total reserved 1507328K, committed 190464K, used 50054K [0x00000000a4000000, 0x0000000100000000)
  region size 1M, 0 eden (0M), 2 survivor (2M), 45 old (45M), 3 humongous (3M), 136 free (136M)
}
Event: 31.262 {heap Before GC invocations=47 (full 0):
 garbage-first heap   total reserved 1507328K, committed 190464K, used 138118K [0x00000000a4000000, 0x0000000100000000)
  region size 1M, 87 eden (87M), 2 survivor (2M), 45 old (45M), 3 humongous (3M), 49 free (49M)
}
Event: 31.274 {heap After GC invocations=48 (full 0):
 garbage-first heap   total reserved 1507328K, committed 190464K, used 54937K [0x00000000a4000000, 0x0000000100000000)
  region size 1M, 0 eden (0M), 7 survivor (7M), 45 old (45M), 3 humongous (3M), 131 free (131M)
}
Event: 32.430 {heap Before GC invocations=48 (full 0):
 garbage-first heap   total reserved 1507328K, committed 190464K, used 161433K [0x00000000a4000000, 0x0000000100000000)
  region size 1M, 104 eden (104M), 7 survivor (7M), 45 old (45M), 3 humongous (3M), 27 free (27M)
}
Event: 32.448 {heap After GC invocations=49 (full 0):
 garbage-first heap   total reserved 1507328K, committed 190464K, used 57888K [0x00000000a4000000, 0x0000000100000000)
  region size 1M, 0 eden (0M), 9 survivor (9M), 45 old (45M), 3 humongous (3M), 129 free (129M)
}
Event: 33.024 {heap Before GC invocations=49 (full 0):
 garbage-first heap   total reserved 1507328K, committed 190464K, used 162336K [0x00000000a4000000, 0x0000000100000000)
  region size 1M, 102 eden (102M), 9 survivor (9M), 45 old (45M), 3 humongous (3M), 27 free (27M)
}
Event: 33.042 {heap After GC invocations=50 (full 0):
 garbage-first heap   total reserved 1507328K, committed 190464K, used 62971K [0x00000000a4000000, 0x0000000100000000)
  region size 1M, 0 eden (0M), 9 survivor (9M), 51 old (51M), 3 humongous (3M), 123 free (123M)
}
Event: 33.528 {heap Before GC invocations=51 (full 0):
 garbage-first heap   total reserved 1507328K, committed 190464K, used 168443K [0x00000000a4000000, 0x0000000100000000)
  region size 1M, 102 eden (102M), 9 survivor (9M), 51 old (51M), 4 humongous (4M), 20 free (20M)
}
Event: 33.547 {heap After GC invocations=52 (full 0):
 garbage-first heap   total reserved 1507328K, committed 190464K, used 69192K [0x00000000a4000000, 0x0000000100000000)
  region size 1M, 0 eden (0M), 11 survivor (11M), 54 old (54M), 4 humongous (4M), 117 free (117M)
}
Event: 33.925 {heap Before GC invocations=52 (full 0):
 garbage-first heap   total reserved 1507328K, committed 190464K, used 173640K [0x00000000a4000000, 0x0000000100000000)
  region size 1M, 100 eden (100M), 11 survivor (11M), 54 old (54M), 6 humongous (6M), 15 free (15M)
}
Event: 33.944 {heap After GC invocations=53 (full 0):
 garbage-first heap   total reserved 1507328K, committed 192512K, used 76038K [0x00000000a4000000, 0x0000000100000000)
  region size 1M, 0 eden (0M), 11 survivor (11M), 59 old (59M), 5 humongous (5M), 113 free (113M)
}
Event: 34.213 {heap Before GC invocations=53 (full 0):
 garbage-first heap   total reserved 1507328K, committed 192512K, used 175366K [0x00000000a4000000, 0x0000000100000000)
  region size 1M, 97 eden (97M), 11 survivor (11M), 59 old (59M), 5 humongous (5M), 16 free (16M)
}
Event: 34.233 {heap After GC invocations=54 (full 0):
 garbage-first heap   total reserved 1507328K, committed 192512K, used 80816K [0x00000000a4000000, 0x0000000100000000)
  region size 1M, 0 eden (0M), 10 survivor (10M), 64 old (64M), 5 humongous (5M), 109 free (109M)
}
Event: 34.462 {heap Before GC invocations=55 (full 0):
 garbage-first heap   total reserved 1507328K, committed 192512K, used 178096K [0x00000000a4000000, 0x0000000100000000)
  region size 1M, 95 eden (95M), 10 survivor (10M), 64 old (64M), 5 humongous (5M), 14 free (14M)
}
Event: 34.473 {heap After GC invocations=56 (full 0):
 garbage-first heap   total reserved 1507328K, committed 192512K, used 81573K [0x00000000a4000000, 0x0000000100000000)
  region size 1M, 0 eden (0M), 5 survivor (5M), 70 old (70M), 5 humongous (5M), 108 free (108M)
}
Event: 34.739 {heap Before GC invocations=56 (full 0):
 garbage-first heap   total reserved 1507328K, committed 192512K, used 179877K [0x00000000a4000000, 0x0000000100000000)
  region size 1M, 96 eden (96M), 5 survivor (5M), 70 old (70M), 5 humongous (5M), 12 free (12M)
}

