# JRE version: OpenJDK Runtime Environment Temurin-21.0.10+7 (21.0.10+7) (build 21.0.10+7-LTS)
# Java VM: OpenJDK 64-Bit Server VM Temurin-21.0.10+7 (21.0.10+7-LTS, mixed mode, sharing, tiered, compressed oops, compressed class ptrs, parallel gc, windows-amd64)
GC Precious Log:
 CardTable entry size: 512
 CPUs: 12 total, 12 available
 Memory: 5886M
 Large Page Support: Disabled
 NUMA Support: Disabled
 Compressed Oops: Enabled (32-bit)
 Alignments: Space 512K, Generation 512K, Heap 2M
 Heap Min Capacity: 100M
 Heap Initial Capacity: 100M
 Heap Max Capacity: 2G
 Pre-touch: Disabled
 Parallel Workers: 10
Heap:
 PSYoungGen      total 3584K, used 791K [0x00000000d5580000, 0x00000000d5b80000, 0x0000000100000000)
  eden space 3072K, 11% used [0x00000000d5580000,0x00000000d55d9da0,0x00000000d5880000)
  from space 512K, 84% used [0x00000000d5a80000,0x00000000d5aec010,0x00000000d5b00000)
  to   space 512K, 0% used [0x00000000d5b00000,0x00000000d5b00000,0x00000000d5b80000)
 ParOldGen       total 655360K, used 119985K [0x0000000080000000, 0x00000000a8000000, 0x00000000d5580000)
  object space 655360K, 18% used [0x0000000080000000,0x000000008752c608,0x00000000a8000000)
 Metaspace       used 79395K, committed 81024K, reserved 1179648K
  class space    used 7766K, committed 8512K, reserved 1048576K
GC Heap History (20 events):
Event: 1489.641 GC heap before
{Heap before GC invocations=1551 (full 5):
 PSYoungGen      total 4096K, used 3520K [0x00000000d5580000, 0x00000000d5c80000, 0x0000000100000000)
  eden space 3072K, 100% used [0x00000000d5580000,0x00000000d5880000,0x00000000d5880000)
  from space 1024K, 43% used [0x00000000d5a80000,0x00000000d5af0000,0x00000000d5b80000)
  to   space 512K, 0% used [0x00000000d5c00000,0x00000000d5c00000,0x00000000d5c80000)
 ParOldGen       total 655360K, used 116603K [0x0000000080000000, 0x00000000a8000000, 0x00000000d5580000)
  object space 655360K, 17% used [0x0000000080000000,0x00000000871def40,0x00000000a8000000)
 Metaspace       used 78936K, committed 80896K, reserved 1179648K
  class space    used 7725K, committed 8512K, reserved 1048576K
}
Event: 1489.645 GC heap after
{Heap after GC invocations=1551 (full 5):
 PSYoungGen      total 3584K, used 512K [0x00000000d5580000, 0x00000000d5c80000, 0x0000000100000000)
  eden space 3072K, 0% used [0x00000000d5580000,0x00000000d5580000,0x00000000d5880000)
  from space 512K, 100% used [0x00000000d5c00000,0x00000000d5c80000,0x00000000d5c80000)
  to   space 1536K, 0% used [0x00000000d5980000,0x00000000d5980000,0x00000000d5b00000)
 ParOldGen       total 655360K, used 117034K [0x0000000080000000, 0x00000000a8000000, 0x00000000d5580000)
  object space 655360K, 17% used [0x0000000080000000,0x000000008724a860,0x00000000a8000000)
 Metaspace       used 78936K, committed 80896K, reserved 1179648K
  class space    used 7725K, committed 8512K, reserved 1048576K
}
Event: 1489.664 GC heap before
{Heap before GC invocations=1552 (full 5):
 PSYoungGen      total 3584K, used 3584K [0x00000000d5580000, 0x00000000d5c80000, 0x0000000100000000)
  eden space 3072K, 100% used [0x00000000d5580000,0x00000000d5880000,0x00000000d5880000)
  from space 512K, 100% used [0x00000000d5c00000,0x00000000d5c80000,0x00000000d5c80000)
  to   space 1536K, 0% used [0x00000000d5980000,0x00000000d5980000,0x00000000d5b00000)
 ParOldGen       total 655360K, used 117034K [0x0000000080000000, 0x00000000a8000000, 0x00000000d5580000)
  object space 655360K, 17% used [0x0000000080000000,0x000000008724a860,0x00000000a8000000)
 Metaspace       used 78936K, committed 80896K, reserved 1179648K
  class space    used 7725K, committed 8512K, reserved 1048576K
}
Event: 1489.667 GC heap after
{Heap after GC invocations=1552 (full 5):
 PSYoungGen      total 4608K, used 640K [0x00000000d5580000, 0x00000000d5c80000, 0x0000000100000000)
  eden space 3072K, 0% used [0x00000000d5580000,0x00000000d5580000,0x00000000d5880000)
  from space 1536K, 41% used [0x00000000d5980000,0x00000000d5a20000,0x00000000d5b00000)
  to   space 1024K, 0% used [0x00000000d5b80000,0x00000000d5b80000,0x00000000d5c80000)
 ParOldGen       total 655360K, used 117437K [0x0000000080000000, 0x00000000a8000000, 0x00000000d5580000)
  object space 655360K, 17% used [0x0000000080000000,0x00000000872af770,0x00000000a8000000)
 Metaspace       used 78936K, committed 80896K, reserved 1179648K
  class space    used 7725K, committed 8512K, reserved 1048576K
}
Event: 1489.691 GC heap before
{Heap before GC invocations=1553 (full 5):
 PSYoungGen      total 4608K, used 3712K [0x00000000d5580000, 0x00000000d5c80000, 0x0000000100000000)
  eden space 3072K, 100% used [0x00000000d5580000,0x00000000d5880000,0x00000000d5880000)
  from space 1536K, 41% used [0x00000000d5980000,0x00000000d5a20000,0x00000000d5b00000)
  to   space 1024K, 0% used [0x00000000d5b80000,0x00000000d5b80000,0x00000000d5c80000)
 ParOldGen       total 655360K, used 117437K [0x0000000080000000, 0x00000000a8000000, 0x00000000d5580000)
  object space 655360K, 17% used [0x0000000080000000,0x00000000872af770,0x00000000a8000000)
 Metaspace       used 78936K, committed 80896K, reserved 1179648K
  class space    used 7725K, committed 8512K, reserved 1048576K
}
Event: 1489.693 GC heap after
{Heap after GC invocations=1553 (full 5):
 PSYoungGen      total 3584K, used 512K [0x00000000d5580000, 0x00000000d5c00000, 0x0000000100000000)
  eden space 3072K, 0% used [0x00000000d5580000,0x00000000d5580000,0x00000000d5880000)
  from space 512K, 100% used [0x00000000d5b80000,0x00000000d5c00000,0x00000000d5c00000)
  to   space 1024K, 0% used [0x00000000d5a00000,0x00000000d5a00000,0x00000000d5b00000)
 ParOldGen       total 655360K, used 117877K [0x0000000080000000, 0x00000000a8000000, 0x00000000d5580000)
  object space 655360K, 17% used [0x0000000080000000,0x000000008731d780,0x00000000a8000000)
 Metaspace       used 78936K, committed 80896K, reserved 1179648K
  class space    used 7725K, committed 8512K, reserved 1048576K
}
Event: 1489.804 GC heap before
{Heap before GC invocations=1554 (full 5):
 PSYoungGen      total 3584K, used 3584K [0x00000000d5580000, 0x00000000d5c00000, 0x0000000100000000)
  eden space 3072K, 100% used [0x00000000d5580000,0x00000000d5880000,0x00000000d5880000)
  from space 512K, 100% used [0x00000000d5b80000,0x00000000d5c00000,0x00000000d5c00000)
  to   space 1024K, 0% used [0x00000000d5a00000,0x00000000d5a00000,0x00000000d5b00000)
 ParOldGen       total 655360K, used 117877K [0x0000000080000000, 0x00000000a8000000, 0x00000000d5580000)
  object space 655360K, 17% used [0x0000000080000000,0x000000008731d780,0x00000000a8000000)
 Metaspace       used 78941K, committed 80896K, reserved 1179648K
  class space    used 7725K, committed 8512K, reserved 1048576K
}
Event: 1489.807 GC heap after
{Heap after GC invocations=1554 (full 5):
 PSYoungGen      total 4096K, used 800K [0x00000000d5580000, 0x00000000d5c00000, 0x0000000100000000)
  eden space 3072K, 0% used [0x00000000d5580000,0x00000000d5580000,0x00000000d5880000)
  from space 1024K, 78% used [0x00000000d5a00000,0x00000000d5ac8040,0x00000000d5b00000)
  to   space 1024K, 0% used [0x00000000d5b00000,0x00000000d5b00000,0x00000000d5c00000)
 ParOldGen       total 655360K, used 118220K [0x0000000080000000, 0x00000000a8000000, 0x00000000d5580000)
  object space 655360K, 18% used [0x0000000080000000,0x0000000087373030,0x00000000a8000000)
 Metaspace       used 78941K, committed 80896K, reserved 1179648K
  class space    used 7725K, committed 8512K, reserved 1048576K
}
Event: 1489.814 GC heap before
{Heap before GC invocations=1555 (full 5):
 PSYoungGen      total 4096K, used 3872K [0x00000000d5580000, 0x00000000d5c00000, 0x0000000100000000)
  eden space 3072K, 100% used [0x00000000d5580000,0x00000000d5880000,0x00000000d5880000)
  from space 1024K, 78% used [0x00000000d5a00000,0x00000000d5ac8040,0x00000000d5b00000)
  to   space 1024K, 0% used [0x00000000d5b00000,0x00000000d5b00000,0x00000000d5c00000)
 ParOldGen       total 655360K, used 118220K [0x0000000080000000, 0x00000000a8000000, 0x00000000d5580000)
  object space 655360K, 18% used [0x0000000080000000,0x0000000087373030,0x00000000a8000000)
 Metaspace       used 78941K, committed 80896K, reserved 1179648K
  class space    used 7725K, committed 8512K, reserved 1048576K
}
Event: 1489.818 GC heap after
{Heap after GC invocations=1555 (full 5):
 PSYoungGen      total 4096K, used 832K [0x00000000d5580000, 0x00000000d5c00000, 0x0000000100000000)
  eden space 3072K, 0% used [0x00000000d5580000,0x00000000d5580000,0x00000000d5880000)
  from space 1024K, 81% used [0x00000000d5b00000,0x00000000d5bd0000,0x00000000d5c00000)
  to   space 1024K, 0% used [0x00000000d5a00000,0x00000000d5a00000,0x00000000d5b00000)
 ParOldGen       total 655360K, used 118672K [0x0000000080000000, 0x00000000a8000000, 0x00000000d5580000)
  object space 655360K, 18% used [0x0000000080000000,0x00000000873e4040,0x00000000a8000000)
 Metaspace       used 78941K, committed 80896K, reserved 1179648K
  class space    used 7725K, committed 8512K, reserved 1048576K
}
Event: 1489.829 GC heap before
{Heap before GC invocations=1556 (full 5):
 PSYoungGen      total 4096K, used 3903K [0x00000000d5580000, 0x00000000d5c00000, 0x0000000100000000)
  eden space 3072K, 99% used [0x00000000d5580000,0x00000000d587fff8,0x00000000d5880000)
  from space 1024K, 81% used [0x00000000d5b00000,0x00000000d5bd0000,0x00000000d5c00000)
  to   space 1024K, 0% used [0x00000000d5a00000,0x00000000d5a00000,0x00000000d5b00000)
 ParOldGen       total 655360K, used 118672K [0x0000000080000000, 0x00000000a8000000, 0x00000000d5580000)
  object space 655360K, 18% used [0x0000000080000000,0x00000000873e4040,0x00000000a8000000)
 Metaspace       used 78941K, committed 80896K, reserved 1179648K
  class space    used 7725K, committed 8512K, reserved 1048576K
}
Event: 1489.832 GC heap after
{Heap after GC invocations=1556 (full 5):
 PSYoungGen      total 4096K, used 544K [0x00000000d5580000, 0x00000000d5b80000, 0x0000000100000000)
  eden space 3072K, 0% used [0x00000000d5580000,0x00000000d5580000,0x00000000d5880000)
  from space 1024K, 53% used [0x00000000d5a00000,0x00000000d5a88000,0x00000000d5b00000)
  to   space 512K, 0% used [0x00000000d5b00000,0x00000000d5b00000,0x00000000d5b80000)
 ParOldGen       total 655360K, used 119224K [0x0000000080000000, 0x00000000a8000000, 0x00000000d5580000)
  object space 655360K, 18% used [0x0000000080000000,0x000000008746e040,0x00000000a8000000)
 Metaspace       used 78941K, committed 80896K, reserved 1179648K
  class space    used 7725K, committed 8512K, reserved 1048576K
}
Event: 1489.983 GC heap before
{Heap before GC invocations=1557 (full 5):
 PSYoungGen      total 4096K, used 3616K [0x00000000d5580000, 0x00000000d5b80000, 0x0000000100000000)
  eden space 3072K, 100% used [0x00000000d5580000,0x00000000d5880000,0x00000000d5880000)
  from space 1024K, 53% used [0x00000000d5a00000,0x00000000d5a88000,0x00000000d5b00000)
  to   space 512K, 0% used [0x00000000d5b00000,0x00000000d5b00000,0x00000000d5b80000)
 ParOldGen       total 655360K, used 119224K [0x0000000080000000, 0x00000000a8000000, 0x00000000d5580000)
  object space 655360K, 18% used [0x0000000080000000,0x000000008746e040,0x00000000a8000000)
 Metaspace       used 79074K, committed 80896K, reserved 1179648K
  class space    used 7741K, committed 8512K, reserved 1048576K
}
Event: 1489.985 GC heap after
{Heap after GC invocations=1557 (full 5):
 PSYoungGen      total 3584K, used 416K [0x00000000d5580000, 0x00000000d5b80000, 0x0000000100000000)
  eden space 3072K, 0% used [0x00000000d5580000,0x00000000d5580000,0x00000000d5880000)
  from space 512K, 81% used [0x00000000d5b00000,0x00000000d5b68000,0x00000000d5b80000)
  to   space 512K, 0% used [0x00000000d5a80000,0x00000000d5a80000,0x00000000d5b00000)
 ParOldGen       total 655360K, used 119560K [0x0000000080000000, 0x00000000a8000000, 0x00000000d5580000)
  object space 655360K, 18% used [0x0000000080000000,0x00000000874c2040,0x00000000a8000000)
 Metaspace       used 79074K, committed 80896K, reserved 1179648K
  class space    used 7741K, committed 8512K, reserved 1048576K
}
Event: 1490.113 GC heap before
{Heap before GC invocations=1558 (full 5):
 PSYoungGen      total 3584K, used 3488K [0x00000000d5580000, 0x00000000d5b80000, 0x0000000100000000)
  eden space 3072K, 100% used [0x00000000d5580000,0x00000000d5880000,0x00000000d5880000)
  from space 512K, 81% used [0x00000000d5b00000,0x00000000d5b68000,0x00000000d5b80000)
  to   space 512K, 0% used [0x00000000d5a80000,0x00000000d5a80000,0x00000000d5b00000)
 ParOldGen       total 655360K, used 119560K [0x0000000080000000, 0x00000000a8000000, 0x00000000d5580000)
  object space 655360K, 18% used [0x0000000080000000,0x00000000874c2040,0x00000000a8000000)
 Metaspace       used 79388K, committed 81024K, reserved 1179648K
  class space    used 7766K, committed 8512K, reserved 1048576K
}
Event: 1490.114 GC heap after
{Heap after GC invocations=1558 (full 5):
 PSYoungGen      total 3584K, used 357K [0x00000000d5580000, 0x00000000d5b80000, 0x0000000100000000)
  eden space 3072K, 0% used [0x00000000d5580000,0x00000000d5580000,0x00000000d5880000)
  from space 512K, 69% used [0x00000000d5a80000,0x00000000d5ad9420,0x00000000d5b00000)
  to   space 512K, 0% used [0x00000000d5b00000,0x00000000d5b00000,0x00000000d5b80000)
 ParOldGen       total 655360K, used 119752K [0x0000000080000000, 0x00000000a8000000, 0x00000000d5580000)
  object space 655360K, 18% used [0x0000000080000000,0x00000000874f2040,0x00000000a8000000)
 Metaspace       used 79388K, committed 81024K, reserved 1179648K
  class space    used 7766K, committed 8512K, reserved 1048576K
}
Event: 1490.223 GC heap before
{Heap before GC invocations=1559 (full 5):
 PSYoungGen      total 3584K, used 3429K [0x00000000d5580000, 0x00000000d5b80000, 0x0000000100000000)
  eden space 3072K, 100% used [0x00000000d5580000,0x00000000d5880000,0x00000000d5880000)
  from space 512K, 69% used [0x00000000d5a80000,0x00000000d5ad9420,0x00000000d5b00000)
  to   space 512K, 0% used [0x00000000d5b00000,0x00000000d5b00000,0x00000000d5b80000)
 ParOldGen       total 655360K, used 119752K [0x0000000080000000, 0x00000000a8000000, 0x00000000d5580000)
  object space 655360K, 18% used [0x0000000080000000,0x00000000874f2040,0x00000000a8000000)
 Metaspace       used 79394K, committed 81024K, reserved 1179648K
  class space    used 7766K, committed 8512K, reserved 1048576K
}
Event: 1490.224 GC heap after
{Heap after GC invocations=1559 (full 5):
 PSYoungGen      total 3584K, used 320K [0x00000000d5580000, 0x00000000d5b80000, 0x0000000100000000)
  eden space 3072K, 0% used [0x00000000d5580000,0x00000000d5580000,0x00000000d5880000)
  from space 512K, 62% used [0x00000000d5b00000,0x00000000d5b50000,0x00000000d5b80000)
  to   space 512K, 0% used [0x00000000d5a80000,0x00000000d5a80000,0x00000000d5b00000)
 ParOldGen       total 655360K, used 119913K [0x0000000080000000, 0x00000000a8000000, 0x00000000d5580000)
  object space 655360K, 18% used [0x0000000080000000,0x000000008751a608,0x00000000a8000000)
 Metaspace       used 79394K, committed 81024K, reserved 1179648K
  class space    used 7766K, committed 8512K, reserved 1048576K
}
Event: 1490.303 GC heap before
{Heap before GC invocations=1560 (full 5):
 PSYoungGen      total 3584K, used 3392K [0x00000000d5580000, 0x00000000d5b80000, 0x0000000100000000)
  eden space 3072K, 100% used [0x00000000d5580000,0x00000000d5880000,0x00000000d5880000)
  from space 512K, 62% used [0x00000000d5b00000,0x00000000d5b50000,0x00000000d5b80000)
  to   space 512K, 0% used [0x00000000d5a80000,0x00000000d5a80000,0x00000000d5b00000)
 ParOldGen       total 655360K, used 119913K [0x0000000080000000, 0x00000000a8000000, 0x00000000d5580000)
  object space 655360K, 18% used [0x0000000080000000,0x000000008751a608,0x00000000a8000000)
 Metaspace       used 79395K, committed 81024K, reserved 1179648K
  class space    used 7766K, committed 8512K, reserved 1048576K
}
Event: 1490.304 GC heap after
{Heap after GC invocations=1560 (full 5):
 PSYoungGen      total 3584K, used 432K [0x00000000d5580000, 0x00000000d5b80000, 0x0000000100000000)
  eden space 3072K, 0% used [0x00000000d5580000,0x00000000d5580000,0x00000000d5880000)
  from space 512K, 84% used [0x00000000d5a80000,0x00000000d5aec010,0x00000000d5b00000)
  to   space 512K, 0% used [0x00000000d5b00000,0x00000000d5b00000,0x00000000d5b80000)
 ParOldGen       total 655360K, used 119985K [0x0000000080000000, 0x00000000a8000000, 0x00000000d5580000)
  object space 655360K, 18% used [0x0000000080000000,0x000000008752c608,0x00000000a8000000)
 Metaspace       used 79395K, committed 81024K, reserved 1179648K
  class space    used 7766K, committed 8512K, reserved 1048576K
}

