# JRE version: OpenJDK Runtime Environment Temurin-26+35 (26.0.1+8) (build 26+35)
# Java VM: OpenJDK 64-Bit Server VM Temurin-26+35 (26.0.1+8, mixed mode, emulated-client, tiered, compressed oops, compressed class ptrs, g1 gc, windows-amd64)
GC Precious Log:
 CardTable entry size: 512
 Card Set container configuration: InlinePtr #cards 5 size 8 Array Of Cards #cards 10 size 36 Howl #buckets 4 coarsen threshold 1843 Howl Bitmap #cards 512 size 80 coarsen threshold 460 Card regions per heap region 1 cards per card region 2048
 CPUs: 12 total, 12 available
 Memory: 5886M
 Large Page Support: Disabled
 NUMA Support: Disabled
 Compressed Oops: Enabled (32-bit)
 Heap Region Size: 1M
 Heap Min Capacity: 8M
 Heap Initial Capacity: 8M
 Heap Max Capacity: 1472M
 Pre-touch: Disabled
 Parallel Workers: 10
 Concurrent Workers: 3
 Concurrent Refinement Workers: 10
 Periodic GC: Disabled
Heap:
 garbage-first heap   total reserved 1507328K, committed 132096K, used 51657K [0x00000000a4000000, 0x0000000100000000)
  region size 1M, 0 eden (0M), 7 survivor (7M), 45 old (45M), 2 humongous (2M), 75 free (75M)
GC Heap Usage History (20 events):
Event: 497.351 {heap After GC invocations=65 (full 1):
 garbage-first heap   total reserved 1507328K, committed 154624K, used 53728K [0x00000000a4000000, 0x0000000100000000)
  region size 1M, 0 eden (0M), 2 survivor (2M), 50 old (50M), 2 humongous (2M), 97 free (97M)
}
Event: 514.259 {heap Before GC invocations=65 (full 1):
 garbage-first heap   total reserved 1507328K, committed 154624K, used 61920K [0x00000000a4000000, 0x0000000100000000)
  region size 1M, 9 eden (9M), 2 survivor (2M), 50 old (50M), 2 humongous (2M), 88 free (88M)
}
Event: 515.514 {heap After GC invocations=66 (full 2):
 garbage-first heap   total reserved 1507328K, committed 130048K, used 37032K [0x00000000a4000000, 0x0000000100000000)
  region size 1M, 0 eden (0M), 0 survivor (0M), 36 old (36M), 2 humongous (2M), 89 free (89M)
}
Event: 518.721 {heap Before GC invocations=66 (full 2):
 garbage-first heap   total reserved 1507328K, committed 130048K, used 114856K [0x00000000a4000000, 0x0000000100000000)
  region size 1M, 76 eden (76M), 0 survivor (0M), 36 old (36M), 2 humongous (2M), 13 free (13M)
}
Event: 518.743 {heap After GC invocations=67 (full 2):
 garbage-first heap   total reserved 1507328K, committed 130048K, used 45542K [0x00000000a4000000, 0x0000000100000000)
  region size 1M, 0 eden (0M), 9 survivor (9M), 36 old (36M), 2 humongous (2M), 80 free (80M)
}
Event: 522.072 {heap Before GC invocations=68 (full 2):
 garbage-first heap   total reserved 1507328K, committed 130048K, used 114150K [0x00000000a4000000, 0x0000000100000000)
  region size 1M, 67 eden (67M), 9 survivor (9M), 36 old (36M), 2 humongous (2M), 13 free (13M)
}
Event: 522.085 {heap After GC invocations=69 (full 2):
 garbage-first heap   total reserved 1507328K, committed 130048K, used 45986K [0x00000000a4000000, 0x0000000100000000)
  region size 1M, 0 eden (0M), 7 survivor (7M), 39 old (39M), 2 humongous (2M), 79 free (79M)
}
Event: 522.885 {heap Before GC invocations=69 (full 2):
 garbage-first heap   total reserved 1507328K, committed 130048K, used 114594K [0x00000000a4000000, 0x0000000100000000)
  region size 1M, 67 eden (67M), 7 survivor (7M), 39 old (39M), 2 humongous (2M), 12 free (12M)
}
Event: 522.917 {heap After GC invocations=70 (full 2):
 garbage-first heap   total reserved 1507328K, committed 130048K, used 50162K [0x00000000a4000000, 0x0000000100000000)
  region size 1M, 0 eden (0M), 6 survivor (6M), 44 old (44M), 2 humongous (2M), 75 free (75M)
}
Event: 523.349 {heap Before GC invocations=70 (full 2):
 garbage-first heap   total reserved 1507328K, committed 130048K, used 114674K [0x00000000a4000000, 0x0000000100000000)
  region size 1M, 63 eden (63M), 6 survivor (6M), 44 old (44M), 2 humongous (2M), 12 free (12M)
}
Event: 523.355 {heap After GC invocations=71 (full 2):
 garbage-first heap   total reserved 1507328K, committed 130048K, used 52554K [0x00000000a4000000, 0x0000000100000000)
  region size 1M, 0 eden (0M), 3 survivor (3M), 48 old (48M), 2 humongous (2M), 74 free (74M)
}
Event: 526.499 {heap Before GC invocations=72 (full 2):
 garbage-first heap   total reserved 1507328K, committed 130048K, used 117066K [0x00000000a4000000, 0x0000000100000000)
  region size 1M, 63 eden (63M), 3 survivor (3M), 48 old (48M), 2 humongous (2M), 11 free (11M)
}
Event: 526.512 {heap After GC invocations=73 (full 2):
 garbage-first heap   total reserved 1507328K, committed 130048K, used 56158K [0x00000000a4000000, 0x0000000100000000)
  region size 1M, 0 eden (0M), 7 survivor (7M), 48 old (48M), 2 humongous (2M), 70 free (70M)
}
Event: 526.814 {heap Before GC invocations=73 (full 2):
 garbage-first heap   total reserved 1507328K, committed 130048K, used 116574K [0x00000000a4000000, 0x0000000100000000)
  region size 1M, 59 eden (59M), 7 survivor (7M), 48 old (48M), 2 humongous (2M), 11 free (11M)
}
Event: 526.822 {heap After GC invocations=74 (full 2):
 garbage-first heap   total reserved 1507328K, committed 130048K, used 58483K [0x00000000a4000000, 0x0000000100000000)
  region size 1M, 0 eden (0M), 6 survivor (6M), 50 old (50M), 2 humongous (2M), 69 free (69M)
}
Event: 527.212 {heap Before GC invocations=74 (full 2):
 garbage-first heap   total reserved 1507328K, committed 130048K, used 118899K [0x00000000a4000000, 0x0000000100000000)
  region size 1M, 59 eden (59M), 6 survivor (6M), 50 old (50M), 2 humongous (2M), 10 free (10M)
}
Event: 527.225 {heap After GC invocations=75 (full 2):
 garbage-first heap   total reserved 1507328K, committed 132096K, used 63101K [0x00000000a4000000, 0x0000000100000000)
  region size 1M, 0 eden (0M), 8 survivor (8M), 54 old (54M), 2 humongous (2M), 65 free (65M)
}
Event: 552.975 {heap Before GC invocations=76 (full 2):
 garbage-first heap   total reserved 1507328K, committed 132096K, used 108157K [0x00000000a4000000, 0x0000000100000000)
  region size 1M, 45 eden (45M), 8 survivor (8M), 54 old (54M), 2 humongous (2M), 20 free (20M)
}
Event: 553.312 {heap After GC invocations=77 (full 3):
 garbage-first heap   total reserved 1507328K, committed 132096K, used 44891K [0x00000000a4000000, 0x0000000100000000)
  region size 1M, 0 eden (0M), 0 survivor (0M), 45 old (45M), 2 humongous (2M), 82 free (82M)
}
Event: 554.595 {heap Before GC invocations=77 (full 3):
 garbage-first heap   total reserved 1507328K, committed 132096K, used 116571K [0x00000000a4000000, 0x0000000100000000)
  region size 1M, 70 eden (70M), 0 survivor (0M), 45 old (45M), 2 humongous (2M), 12 free (12M)
}

