# JRE version: OpenJDK Runtime Environment Temurin-26+35 (26.0.1+8) (build 26+35)
# Java VM: OpenJDK 64-Bit Server VM Temurin-26+35 (26.0.1+8, mixed mode, tiered, compressed oops, compressed class ptrs, g1 gc, windows-amd64)
GC Precious Log:
 CardTable entry size: 512
 Card Set container configuration: InlinePtr #cards 5 size 8 Array Of Cards #cards 10 size 36 Howl #buckets 4 coarsen threshold 1843 Howl Bitmap #cards 512 size 80 coarsen threshold 460 Card regions per heap region 1 cards per card region 2048
 CPUs: 12 total, 12 available
 Memory: 5886M
 Large Page Support: Disabled
 NUMA Support: Disabled
 Compressed Oops: Enabled (32-bit)
 Heap Region Size: 1M
 Heap Min Capacity: 8M
 Heap Initial Capacity: 8M
 Heap Max Capacity: 1472M
 Pre-touch: Disabled
 Parallel Workers: 10
 Concurrent Workers: 3
 Concurrent Refinement Workers: 10
 Periodic GC: Disabled
Heap:
 garbage-first heap   total reserved 1507328K, committed 248832K, used 66919K [0x00000000a4000000, 0x0000000100000000)
  region size 1M, 18 eden (18M), 3 survivor (3M), 43 old (43M), 3 humongous (3M), 176 free (176M)
GC Heap Usage History (20 events):
Event: 2.570 {heap Before GC invocations=11 (full 0):
 garbage-first heap   total reserved 1507328K, committed 35840K, used 25358K [0x00000000a4000000, 0x0000000100000000)
  region size 1M, 18 eden (18M), 3 survivor (3M), 4 old (4M), 0 humongous (0M), 10 free (10M)
}
Event: 2.584 {heap After GC invocations=12 (full 0):
 garbage-first heap   total reserved 1507328K, committed 35840K, used 9180K [0x00000000a4000000, 0x0000000100000000)
  region size 1M, 0 eden (0M), 3 survivor (3M), 7 old (7M), 0 humongous (0M), 25 free (25M)
}
Event: 3.154 {heap Before GC invocations=12 (full 0):
 garbage-first heap   total reserved 1507328K, committed 35840K, used 27612K [0x00000000a4000000, 0x0000000100000000)
  region size 1M, 18 eden (18M), 3 survivor (3M), 7 old (7M), 0 humongous (0M), 7 free (7M)
}
Event: 3.166 {heap After GC invocations=13 (full 0):
 garbage-first heap   total reserved 1507328K, committed 35840K, used 11737K [0x00000000a4000000, 0x0000000100000000)
  region size 1M, 0 eden (0M), 3 survivor (3M), 9 old (9M), 0 humongous (0M), 23 free (23M)
}
Event: 3.546 {heap Before GC invocations=13 (full 0):
 garbage-first heap   total reserved 1507328K, committed 35840K, used 29145K [0x00000000a4000000, 0x0000000100000000)
  region size 1M, 17 eden (17M), 3 survivor (3M), 9 old (9M), 0 humongous (0M), 6 free (6M)
}
Event: 3.553 {heap After GC invocations=14 (full 0):
 garbage-first heap   total reserved 1507328K, committed 71680K, used 14092K [0x00000000a4000000, 0x0000000100000000)
  region size 1M, 0 eden (0M), 3 survivor (3M), 12 old (12M), 0 humongous (0M), 55 free (55M)
}
Event: 4.223 {heap Before GC invocations=14 (full 0):
 garbage-first heap   total reserved 1507328K, committed 71680K, used 54028K [0x00000000a4000000, 0x0000000100000000)
  region size 1M, 39 eden (39M), 3 survivor (3M), 12 old (12M), 0 humongous (0M), 16 free (16M)
}
Event: 4.230 {heap After GC invocations=15 (full 0):
 garbage-first heap   total reserved 1507328K, committed 71680K, used 15901K [0x00000000a4000000, 0x0000000100000000)
  region size 1M, 0 eden (0M), 4 survivor (4M), 12 old (12M), 0 humongous (0M), 54 free (54M)
}
Event: 5.094 {heap Before GC invocations=15 (full 0):
 garbage-first heap   total reserved 1507328K, committed 71680K, used 56861K [0x00000000a4000000, 0x0000000100000000)
  region size 1M, 33 eden (33M), 4 survivor (4M), 12 old (12M), 8 humongous (8M), 13 free (13M)
}
Event: 5.102 {heap After GC invocations=16 (full 0):
 garbage-first heap   total reserved 1507328K, committed 71680K, used 25394K [0x00000000a4000000, 0x0000000100000000)
  region size 1M, 0 eden (0M), 4 survivor (4M), 13 old (13M), 8 humongous (8M), 45 free (45M)
}
Event: 6.153 {heap Before GC invocations=17 (full 0):
 garbage-first heap   total reserved 1507328K, committed 72704K, used 72498K [0x00000000a4000000, 0x0000000100000000)
  region size 1M, 21 eden (21M), 4 survivor (4M), 13 old (13M), 33 humongous (33M), 0 free (0M)
}
Event: 6.164 {heap After GC invocations=18 (full 0):
 garbage-first heap   total reserved 1507328K, committed 78848K, used 19935K [0x00000000a4000000, 0x0000000100000000)
  region size 1M, 0 eden (0M), 4 survivor (4M), 15 old (15M), 1 humongous (1M), 57 free (57M)
}
Event: 7.149 {heap Before GC invocations=18 (full 0):
 garbage-first heap   total reserved 1507328K, committed 78848K, used 67039K [0x00000000a4000000, 0x0000000100000000)
  region size 1M, 42 eden (42M), 4 survivor (4M), 15 old (15M), 5 humongous (5M), 11 free (11M)
}
Event: 7.170 {heap After GC invocations=19 (full 0):
 garbage-first heap   total reserved 1507328K, committed 81920K, used 32573K [0x00000000a4000000, 0x0000000100000000)
  region size 1M, 0 eden (0M), 6 survivor (6M), 22 old (22M), 4 humongous (4M), 48 free (48M)
}
Event: 7.443 {heap Before GC invocations=19 (full 0):
 garbage-first heap   total reserved 1507328K, committed 81920K, used 67389K [0x00000000a4000000, 0x0000000100000000)
  region size 1M, 33 eden (33M), 6 survivor (6M), 22 old (22M), 5 humongous (5M), 14 free (14M)
}
Event: 7.461 {heap After GC invocations=20 (full 0):
 garbage-first heap   total reserved 1507328K, committed 82944K, used 43008K [0x00000000a4000000, 0x0000000100000000)
  region size 1M, 0 eden (0M), 5 survivor (5M), 32 old (32M), 5 humongous (5M), 39 free (39M)
}
Event: 8.037 {heap Before GC invocations=20 (full 0):
 garbage-first heap   total reserved 1507328K, committed 82944K, used 68608K [0x00000000a4000000, 0x0000000100000000)
  region size 1M, 25 eden (25M), 5 survivor (5M), 32 old (32M), 5 humongous (5M), 14 free (14M)
}
Event: 8.055 {heap After GC invocations=21 (full 0):
 garbage-first heap   total reserved 1507328K, committed 82944K, used 48128K [0x00000000a4000000, 0x0000000100000000)
  region size 1M, 0 eden (0M), 4 survivor (4M), 38 old (38M), 5 humongous (5M), 34 free (34M)
}
Event: 8.310 {heap Before GC invocations=22 (full 0):
 garbage-first heap   total reserved 1507328K, committed 82944K, used 68608K [0x00000000a4000000, 0x0000000100000000)
  region size 1M, 22 eden (22M), 4 survivor (4M), 38 old (38M), 3 humongous (3M), 14 free (14M)
}
Event: 8.323 {heap After GC invocations=23 (full 0):
 garbage-first heap   total reserved 1507328K, committed 248832K, used 49511K [0x00000000a4000000, 0x0000000100000000)
  region size 1M, 0 eden (0M), 3 survivor (3M), 43 old (43M), 3 humongous (3M), 194 free (194M)
}

